{
  "stats": {
    "suites": 1,
    "tests": 8,
    "passes": 8,
    "pending": 0,
    "failures": 0,
    "start": "2021-11-30T17:58:20.177Z",
    "end": "2021-11-30T17:59:32.073Z",
    "duration": 71896,
    "testsRegistered": 8,
    "passPercent": 100,
    "pendingPercent": 0,
    "other": 0,
    "hasOther": false,
    "skipped": 0,
    "hasSkipped": false
  },
  "results": [
    {
      "uuid": "642c54df-46cc-4c21-80de-0832ad88486c",
      "title": "",
      "fullFile": "cypress/integration/newTests.js",
      "file": "cypress/integration/newTests.js",
      "beforeHooks": [],
      "afterHooks": [],
      "tests": [],
      "suites": [
        {
          "uuid": "13e5b603-20b1-4b43-9971-af52b6d769cf",
          "title": "Login using fixtures",
          "fullFile": "",
          "file": "",
          "beforeHooks": [],
          "afterHooks": [],
          "tests": [
            {
              "title": "Login using Page object model",
              "fullTitle": "Login using fixtures Login using Page object model",
              "timedOut": null,
              "duration": 25633,
              "state": "passed",
              "speed": "slow",
              "pass": true,
              "fail": false,
              "pending": false,
              "context": null,
              "code": "login.website();\ncy.wait(5000);\nlogin.userName().type('mercury');\nlogin.password().type('mercury');\nlogin.signIn().click();\ncy.get('h3').should('contains.text', 'Login Successfully');",
              "err": {},
              "uuid": "45ee4c55-1fc2-4508-9ee9-cab4bb9c83e2",
              "parentUUID": "13e5b603-20b1-4b43-9971-af52b6d769cf",
              "isHook": false,
              "skipped": false
            },
            {
              "title": "Login using custom commands",
              "fullTitle": "Login using fixtures Login using custom commands",
              "timedOut": null,
              "duration": 7102,
              "state": "passed",
              "speed": "slow",
              "pass": true,
              "fail": false,
              "pending": false,
              "context": null,
              "code": "cy.login('mercury', 'mercury');\ncy.wait(5000);",
              "err": {},
              "uuid": "9cfd95aa-3d13-43c2-aebf-300a5476642e",
              "parentUUID": "13e5b603-20b1-4b43-9971-af52b6d769cf",
              "isHook": false,
              "skipped": false
            },
            {
              "title": "Login using fixtures",
              "fullTitle": "Login using fixtures Login using fixtures",
              "timedOut": null,
              "duration": 6154,
              "state": "passed",
              "speed": "slow",
              "pass": true,
              "fail": false,
              "pending": false,
              "context": null,
              "code": "login.website();\ncy.fixture('userDetails').then(user => {\n  cy.wait(3000);\n  login.userName().type(user.userName);\n  login.password().type(user.password);\n  login.signIn().click();\n});",
              "err": {},
              "uuid": "9c26ae54-abf5-499b-a7e0-1bc62668ac0c",
              "parentUUID": "13e5b603-20b1-4b43-9971-af52b6d769cf",
              "isHook": false,
              "skipped": false
            },
            {
              "title": "Login using pom and fixtures",
              "fullTitle": "Login using fixtures Login using pom and fixtures",
              "timedOut": null,
              "duration": 2037,
              "state": "passed",
              "speed": "slow",
              "pass": true,
              "fail": false,
              "pending": false,
              "context": null,
              "code": "login.website();\nlogin.userName().type(this.user.userName);\nlogin.password().type(this.user.password);\nlogin.signIn().click();",
              "err": {},
              "uuid": "62cde530-8f6f-45e1-aa13-696be9d79281",
              "parentUUID": "13e5b603-20b1-4b43-9971-af52b6d769cf",
              "isHook": false,
              "skipped": false
            },
            {
              "title": "Loop the table using each",
              "fullTitle": "Login using fixtures Loop the table using each",
              "timedOut": null,
              "duration": 10475,
              "state": "passed",
              "speed": "slow",
              "pass": true,
              "fail": false,
              "pending": false,
              "context": null,
              "code": "cy.login('mercury', 'mercury');\ncy.wait(5000);\ncy.get('table>tbody>tr>td>a').each(($el, index, $list) => {\n  cy.log('Each individual element' + $el.text());\n  cy.log('List of elements' + $list.text());\n  if ($el.text().includes('Flights')) {\n    cy.wait(2000);\n    cy.xpath(\"//a[normalize-space()='Flights']\").click();\n    cy.get(\"img[src='images/mast_flightfinder.gif']\").should('be.visible');\n  } else {\n    cy.log('Not clicked on:' + $el.text());\n  }\n});",
              "err": {},
              "uuid": "9fb05155-250e-4ac7-9f0e-5465dd760cae",
              "parentUUID": "13e5b603-20b1-4b43-9971-af52b6d769cf",
              "isHook": false,
              "skipped": false
            },
            {
              "title": "DropDown and Radio buttons",
              "fullTitle": "Login using fixtures DropDown and Radio buttons",
              "timedOut": null,
              "duration": 11910,
              "state": "passed",
              "speed": "slow",
              "pass": true,
              "fail": false,
              "pending": false,
              "context": null,
              "code": "cy.login('mercury', 'mercury');\ncy.wait(5000);\ncy.get('table>tbody>tr>td>a').each(($el, index, $list) => {\n  cy.log('Each individual element' + $el.text());\n  cy.log('List of elements' + $list.text());\n  if ($el.text().includes('Flights')) {\n    cy.wait(2000);\n    cy.xpath(\"//a[normalize-space()='Flights']\").click();\n    cy.get(\"img[src='images/mast_flightfinder.gif']\").should('be.visible');\n  } else {\n    cy.log('Not clicked on:' + $el.text());\n  }\n});\ncy.get(\"select[name='fromPort']\").select('San Francisco');\ncy.get(\"select[name='fromMonth']\").select('February');\ncy.get(\"input[name='findFlights']\").click();",
              "err": {},
              "uuid": "a7e218a3-0555-48de-8dc5-41e3243e7bc9",
              "parentUUID": "13e5b603-20b1-4b43-9971-af52b6d769cf",
              "isHook": false,
              "skipped": false
            },
            {
              "title": "Getting values from table",
              "fullTitle": "Login using fixtures Getting values from table",
              "timedOut": null,
              "duration": 5734,
              "state": "passed",
              "speed": "slow",
              "pass": true,
              "fail": false,
              "pending": false,
              "context": null,
              "code": "login.website();\ncy.wait(5000);\ncy.get('table > tbody > tr> td> font').each((el, index, list) => {\n  if (el.text().includes('Atlanta')) {\n    cy.log(cy.xpath(\"//b[normalize-space()='$398']\"));\n    cy.xpath(\"//b[normalize-space()='$398']\").should('contains.text', '$398');\n  }\n});",
              "err": {},
              "uuid": "0244ec8b-1860-4110-b2b1-523b95266feb",
              "parentUUID": "13e5b603-20b1-4b43-9971-af52b6d769cf",
              "isHook": false,
              "skipped": false
            },
            {
              "title": "Write File",
              "fullTitle": "Login using fixtures Write File",
              "timedOut": null,
              "duration": 57,
              "state": "passed",
              "speed": "medium",
              "pass": true,
              "fail": false,
              "pending": false,
              "context": null,
              "code": "cy.writeFile('sample.txt', 'Writing on sample file\\n');\ncy.writeFile('sample.txt', 'Second line', {\n  flag: 'a+'\n});\ncy.readFile('sample.txt').should('contains', 'Writing on sample ');",
              "err": {},
              "uuid": "d2363295-cd56-4537-a581-83c091db6777",
              "parentUUID": "13e5b603-20b1-4b43-9971-af52b6d769cf",
              "isHook": false,
              "skipped": false
            }
          ],
          "suites": [],
          "passes": [
            "45ee4c55-1fc2-4508-9ee9-cab4bb9c83e2",
            "9cfd95aa-3d13-43c2-aebf-300a5476642e",
            "9c26ae54-abf5-499b-a7e0-1bc62668ac0c",
            "62cde530-8f6f-45e1-aa13-696be9d79281",
            "9fb05155-250e-4ac7-9f0e-5465dd760cae",
            "a7e218a3-0555-48de-8dc5-41e3243e7bc9",
            "0244ec8b-1860-4110-b2b1-523b95266feb",
            "d2363295-cd56-4537-a581-83c091db6777"
          ],
          "failures": [],
          "pending": [],
          "skipped": [],
          "duration": 69102,
          "root": false,
          "rootEmpty": false,
          "_timeout": 2000
        }
      ],
      "passes": [],
      "failures": [],
      "pending": [],
      "skipped": [],
      "duration": 0,
      "root": true,
      "rootEmpty": true,
      "_timeout": 2000
    }
  ],
  "meta": {
    "mocha": {
      "version": "7.0.1"
    },
    "mochawesome": {
      "options": {
        "quiet": false,
        "reportFilename": "mochawesome",
        "saveHtml": false,
        "saveJson": true,
        "consoleReporter": "spec",
        "useInlineDiffs": false,
        "code": true
      },
      "version": "7.0.1"
    },
    "marge": {
      "options": {
        "id": "default",
        "reportDir": "cypress/reports/mocha",
        "quite": true,
        "overwrite": false,
        "html": false,
        "json": true
      },
      "version": "6.0.1"
    }
  }
}