{
  "stats": {
    "suites": 0,
    "tests": 1,
    "passes": 0,
    "pending": 0,
    "failures": 1,
    "start": "2021-11-30T11:06:37.225Z",
    "end": "2021-11-30T11:07:09.237Z",
    "duration": 32012,
    "testsRegistered": 1,
    "passPercent": 0,
    "pendingPercent": 0,
    "other": 0,
    "hasOther": false,
    "skipped": 0,
    "hasSkipped": false
  },
  "results": [
    {
      "uuid": "a02be5ac-51bb-48b7-acf9-a00deafb3a01",
      "title": "",
      "fullFile": "cypress/integration/demotest.js",
      "file": "cypress/integration/demotest.js",
      "beforeHooks": [],
      "afterHooks": [],
      "tests": [
        {
          "title": "navigating to webiste",
          "fullTitle": "navigating to webiste",
          "timedOut": null,
          "duration": 29303,
          "state": "failed",
          "speed": null,
          "pass": false,
          "fail": true,
          "pending": false,
          "context": null,
          "code": "cy.login('32281206', 'etsops@gmail.com', 'mone2e!!');\ncy.wait(15000);\ncy.get('.le-tabs-primary>ul>li>span.tab-text').contains('text', 'My Conversations'); // cy.visit('https://authentication.liveperson.net/');\n// cy.get('#siteNumber').should('be.enabled');\n// cy.get('#siteNumber').type('abcd');\n// cy.get('#userName').type('xyz');\n// cy.get('#userName').should('have.id','userName');",
          "err": {
            "message": "AssertionError: Timed out retrying after 4000ms: Expected to find element: `h3`, but never found it.",
            "estack": "AssertionError: Timed out retrying after 4000ms: Expected to find element: `h3`, but never found it.\n    at Context.eval (http://demo.guru99.com/__cypress/tests?p=cypress/support/index.js:131:16)",
            "diff": null
          },
          "uuid": "5a9b678e-9b3b-4c5b-a934-37866aa0c5a4",
          "parentUUID": "a02be5ac-51bb-48b7-acf9-a00deafb3a01",
          "isHook": false,
          "skipped": false
        }
      ],
      "suites": [],
      "passes": [],
      "failures": [
        "5a9b678e-9b3b-4c5b-a934-37866aa0c5a4"
      ],
      "pending": [],
      "skipped": [],
      "duration": 29303,
      "root": true,
      "rootEmpty": false,
      "_timeout": 2000
    }
  ],
  "meta": {
    "mocha": {
      "version": "7.0.1"
    },
    "mochawesome": {
      "options": {
        "quiet": false,
        "reportFilename": "mochawesome",
        "saveHtml": false,
        "saveJson": true,
        "consoleReporter": "spec",
        "useInlineDiffs": false,
        "code": true
      },
      "version": "7.0.1"
    },
    "marge": {
      "options": {
        "id": "default",
        "reportDir": "cypress/reports/mocha",
        "quite": true,
        "overwrite": false,
        "html": false,
        "json": true
      },
      "version": "6.0.1"
    }
  }
}