{
  "stats": {
    "suites": 1,
    "tests": 9,
    "passes": 9,
    "pending": 0,
    "failures": 0,
    "start": "2021-11-30T12:15:11.469Z",
    "end": "2021-11-30T12:17:06.837Z",
    "duration": 115368,
    "testsRegistered": 9,
    "passPercent": 100,
    "pendingPercent": 0,
    "other": 0,
    "hasOther": false,
    "skipped": 0,
    "hasSkipped": false
  },
  "results": [
    {
      "uuid": "4f82e7f0-cd9f-4740-a008-1f651b1d3522",
      "title": "",
      "fullFile": "cypress/integration/newTests.js",
      "file": "cypress/integration/newTests.js",
      "beforeHooks": [],
      "afterHooks": [],
      "tests": [],
      "suites": [
        {
          "uuid": "651da0ee-13bc-488f-a6f4-295bfd0a216e",
          "title": "Login using fixtures",
          "fullFile": "",
          "file": "",
          "beforeHooks": [],
          "afterHooks": [],
          "tests": [
            {
              "title": "Login using Page object model",
              "fullTitle": "Login using fixtures Login using Page object model",
              "timedOut": null,
              "duration": 25135,
              "state": "passed",
              "speed": "slow",
              "pass": true,
              "fail": false,
              "pending": false,
              "context": null,
              "code": "login.website();\ncy.wait(5000);\nlogin.userName().type('mercury');\nlogin.password().type('mercury');\nlogin.signIn().click();\ncy.get('h3').should('contains.text', 'Login Successfully');",
              "err": {},
              "uuid": "f8a4b8f8-03b5-4ee3-9477-c325d01d0322",
              "parentUUID": "651da0ee-13bc-488f-a6f4-295bfd0a216e",
              "isHook": false,
              "skipped": false
            },
            {
              "title": "Login using custom commands",
              "fullTitle": "Login using fixtures Login using custom commands",
              "timedOut": null,
              "duration": 6977,
              "state": "passed",
              "speed": "slow",
              "pass": true,
              "fail": false,
              "pending": false,
              "context": null,
              "code": "cy.login('mercury', 'mercury');\ncy.wait(5000);",
              "err": {},
              "uuid": "f4754e24-8d40-481e-8c0e-13500f5ca5d9",
              "parentUUID": "651da0ee-13bc-488f-a6f4-295bfd0a216e",
              "isHook": false,
              "skipped": false
            },
            {
              "title": "Login using fixtures",
              "fullTitle": "Login using fixtures Login using fixtures",
              "timedOut": null,
              "duration": 5769,
              "state": "passed",
              "speed": "slow",
              "pass": true,
              "fail": false,
              "pending": false,
              "context": null,
              "code": "login.website();\ncy.fixture('userDetails').then(user => {\n  cy.wait(3000);\n  login.userName().type(user.userName);\n  login.password().type(user.password);\n  login.signIn().click();\n});",
              "err": {},
              "uuid": "8be266bc-3966-48da-b340-0bf597b646d1",
              "parentUUID": "651da0ee-13bc-488f-a6f4-295bfd0a216e",
              "isHook": false,
              "skipped": false
            },
            {
              "title": "Login using pom and fixtures",
              "fullTitle": "Login using fixtures Login using pom and fixtures",
              "timedOut": null,
              "duration": 2030,
              "state": "passed",
              "speed": "slow",
              "pass": true,
              "fail": false,
              "pending": false,
              "context": null,
              "code": "login.website();\nlogin.userName().type(this.user.userName);\nlogin.password().type(this.user.password);\nlogin.signIn().click();",
              "err": {},
              "uuid": "5b359e07-bbaa-4205-ae29-59785ae0a37d",
              "parentUUID": "651da0ee-13bc-488f-a6f4-295bfd0a216e",
              "isHook": false,
              "skipped": false
            },
            {
              "title": "Loop the table using each",
              "fullTitle": "Login using fixtures Loop the table using each",
              "timedOut": null,
              "duration": 9923,
              "state": "passed",
              "speed": "slow",
              "pass": true,
              "fail": false,
              "pending": false,
              "context": null,
              "code": "cy.login('mercury', 'mercury');\ncy.wait(5000);\ncy.get('table>tbody>tr>td>a').each(($el, index, $list) => {\n  cy.log('Each individual element' + $el.text());\n  cy.log('List of elements' + $list.text());\n  if ($el.text().includes('Flights')) {\n    cy.wait(2000);\n    cy.xpath(\"//a[normalize-space()='Flights']\").click();\n    cy.get(\"img[src='images/mast_flightfinder.gif']\").should('be.visible');\n  } else {\n    cy.log('Not clicked on:' + $el.text());\n  }\n});",
              "err": {},
              "uuid": "f84d2344-bcc1-43e2-8554-197178395a2e",
              "parentUUID": "651da0ee-13bc-488f-a6f4-295bfd0a216e",
              "isHook": false,
              "skipped": false
            },
            {
              "title": "DropDown and Radio buttons",
              "fullTitle": "Login using fixtures DropDown and Radio buttons",
              "timedOut": null,
              "duration": 10745,
              "state": "passed",
              "speed": "slow",
              "pass": true,
              "fail": false,
              "pending": false,
              "context": null,
              "code": "cy.login('mercury', 'mercury');\ncy.wait(5000);\ncy.get('table>tbody>tr>td>a').each(($el, index, $list) => {\n  cy.log('Each individual element' + $el.text());\n  cy.log('List of elements' + $list.text());\n  if ($el.text().includes('Flights')) {\n    cy.wait(2000);\n    cy.xpath(\"//a[normalize-space()='Flights']\").click();\n    cy.get(\"img[src='images/mast_flightfinder.gif']\").should('be.visible');\n  } else {\n    cy.log('Not clicked on:' + $el.text());\n  }\n});\ncy.get(\"select[name='fromPort']\").select('San Francisco');\ncy.get(\"select[name='fromMonth']\").select('February');\ncy.get(\"input[name='findFlights']\").click();",
              "err": {},
              "uuid": "61840716-a6d4-407c-bf37-1702afdcd406",
              "parentUUID": "651da0ee-13bc-488f-a6f4-295bfd0a216e",
              "isHook": false,
              "skipped": false
            },
            {
              "title": "Loop through table 2",
              "fullTitle": "Login using fixtures Loop through table 2",
              "timedOut": null,
              "duration": 40995,
              "state": "passed",
              "speed": "slow",
              "pass": true,
              "fail": false,
              "pending": false,
              "context": null,
              "code": "cy.visit('https://testautomationpractice.blogspot.com/');\ncy.wait(5000);\ncy.get('table > tbody > tr> td:nth-child(2)').each((el, index) => {\n  const text = el.text();\n  if (text.includes('Amod')) {\n    cy.get('table > tbody > tr> td:nth-child(3)').eq(index);\n    cy.get('table > tbody > tr> td:nth-child(1)').eq(index);\n  }\n});",
              "err": {},
              "uuid": "e96e4c25-e9ea-40f1-b514-71eec57ef71a",
              "parentUUID": "651da0ee-13bc-488f-a6f4-295bfd0a216e",
              "isHook": false,
              "skipped": false
            },
            {
              "title": "Getting values from table",
              "fullTitle": "Login using fixtures Getting values from table",
              "timedOut": null,
              "duration": 6041,
              "state": "passed",
              "speed": "slow",
              "pass": true,
              "fail": false,
              "pending": false,
              "context": null,
              "code": "login.website();\ncy.wait(5000);\ncy.get('table > tbody > tr> td> font').each((el, index, list) => {\n  if (el.text().includes('Atlanta')) {\n    cy.log(cy.xpath(\"//b[normalize-space()='$398']\"));\n    cy.xpath(\"//b[normalize-space()='$398']\").should('contains.text', '$398');\n  }\n});",
              "err": {},
              "uuid": "6361955f-28bf-4481-9db0-2ffdcd5ca46f",
              "parentUUID": "651da0ee-13bc-488f-a6f4-295bfd0a216e",
              "isHook": false,
              "skipped": false
            },
            {
              "title": "Write File",
              "fullTitle": "Login using fixtures Write File",
              "timedOut": null,
              "duration": 40,
              "state": "passed",
              "speed": "medium",
              "pass": true,
              "fail": false,
              "pending": false,
              "context": null,
              "code": "cy.writeFile('sample.txt', 'Writing on sample file\\n');\ncy.writeFile('sample.txt', 'Second line', {\n  flag: 'a+'\n});\ncy.readFile('sample.txt').should('contains', 'Writing on sample ');",
              "err": {},
              "uuid": "7cfab05e-6fdc-4b77-a208-c40de280494e",
              "parentUUID": "651da0ee-13bc-488f-a6f4-295bfd0a216e",
              "isHook": false,
              "skipped": false
            }
          ],
          "suites": [],
          "passes": [
            "f8a4b8f8-03b5-4ee3-9477-c325d01d0322",
            "f4754e24-8d40-481e-8c0e-13500f5ca5d9",
            "8be266bc-3966-48da-b340-0bf597b646d1",
            "5b359e07-bbaa-4205-ae29-59785ae0a37d",
            "f84d2344-bcc1-43e2-8554-197178395a2e",
            "61840716-a6d4-407c-bf37-1702afdcd406",
            "e96e4c25-e9ea-40f1-b514-71eec57ef71a",
            "6361955f-28bf-4481-9db0-2ffdcd5ca46f",
            "7cfab05e-6fdc-4b77-a208-c40de280494e"
          ],
          "failures": [],
          "pending": [],
          "skipped": [],
          "duration": 107655,
          "root": false,
          "rootEmpty": false,
          "_timeout": 2000
        }
      ],
      "passes": [],
      "failures": [],
      "pending": [],
      "skipped": [],
      "duration": 0,
      "root": true,
      "rootEmpty": true,
      "_timeout": 2000
    }
  ],
  "meta": {
    "mocha": {
      "version": "7.0.1"
    },
    "mochawesome": {
      "options": {
        "quiet": false,
        "reportFilename": "mochawesome",
        "saveHtml": false,
        "saveJson": true,
        "consoleReporter": "spec",
        "useInlineDiffs": false,
        "code": true
      },
      "version": "7.0.1"
    },
    "marge": {
      "options": {
        "id": "default",
        "reportDir": "cypress/reports/mocha",
        "quite": true,
        "overwrite": false,
        "html": false,
        "json": true
      },
      "version": "6.0.1"
    }
  }
}