{
  "stats": {
    "suites": 1,
    "tests": 8,
    "passes": 8,
    "pending": 0,
    "failures": 0,
    "start": "2021-12-02T12:19:09.857Z",
    "end": "2021-12-02T12:20:21.328Z",
    "duration": 71471,
    "testsRegistered": 8,
    "passPercent": 100,
    "pendingPercent": 0,
    "other": 0,
    "hasOther": false,
    "skipped": 0,
    "hasSkipped": false
  },
  "results": [
    {
      "uuid": "8a74a5a9-360d-40dd-bf02-9c085a066a66",
      "title": "",
      "fullFile": "cypress/integration/newTests.js",
      "file": "cypress/integration/newTests.js",
      "beforeHooks": [],
      "afterHooks": [],
      "tests": [],
      "suites": [
        {
          "uuid": "a1b08b2d-b6dd-4a25-be6a-a0516b80039d",
          "title": "Login using fixtures",
          "fullFile": "",
          "file": "",
          "beforeHooks": [],
          "afterHooks": [],
          "tests": [
            {
              "title": "Login using Page object model",
              "fullTitle": "Login using fixtures Login using Page object model",
              "timedOut": null,
              "duration": 26631,
              "state": "passed",
              "speed": "slow",
              "pass": true,
              "fail": false,
              "pending": false,
              "context": null,
              "code": "login.website();\ncy.wait(5000);\nlogin.userName().type('mercury');\nlogin.password().type('mercury');\nlogin.signIn().click();\ncy.get('h3').should('contains.text', 'Login Successfully');",
              "err": {},
              "uuid": "1b1b8f81-745c-42ec-851e-66f298c9949e",
              "parentUUID": "a1b08b2d-b6dd-4a25-be6a-a0516b80039d",
              "isHook": false,
              "skipped": false
            },
            {
              "title": "Login using custom commands",
              "fullTitle": "Login using fixtures Login using custom commands",
              "timedOut": null,
              "duration": 6936,
              "state": "passed",
              "speed": "slow",
              "pass": true,
              "fail": false,
              "pending": false,
              "context": null,
              "code": "cy.login('mercury', 'mercury');\ncy.wait(5000);",
              "err": {},
              "uuid": "6a25feff-3774-4c37-a5b3-4df9924e6b7d",
              "parentUUID": "a1b08b2d-b6dd-4a25-be6a-a0516b80039d",
              "isHook": false,
              "skipped": false
            },
            {
              "title": "Login using fixtures",
              "fullTitle": "Login using fixtures Login using fixtures",
              "timedOut": null,
              "duration": 5804,
              "state": "passed",
              "speed": "slow",
              "pass": true,
              "fail": false,
              "pending": false,
              "context": null,
              "code": "login.website();\ncy.fixture('userDetails').then(user => {\n  cy.wait(3000);\n  login.userName().type(user.userName);\n  login.password().type(user.password);\n  login.signIn().click();\n});",
              "err": {},
              "uuid": "0d33ea2b-f610-4acf-8347-6d82576e9588",
              "parentUUID": "a1b08b2d-b6dd-4a25-be6a-a0516b80039d",
              "isHook": false,
              "skipped": false
            },
            {
              "title": "Login using pom and fixtures",
              "fullTitle": "Login using fixtures Login using pom and fixtures",
              "timedOut": null,
              "duration": 2185,
              "state": "passed",
              "speed": "slow",
              "pass": true,
              "fail": false,
              "pending": false,
              "context": null,
              "code": "login.website();\nlogin.userName().type(this.user.userName);\nlogin.password().type(this.user.password);\nlogin.signIn().click();",
              "err": {},
              "uuid": "23bc723e-d091-4061-b921-79acedf63684",
              "parentUUID": "a1b08b2d-b6dd-4a25-be6a-a0516b80039d",
              "isHook": false,
              "skipped": false
            },
            {
              "title": "Loop the table using each",
              "fullTitle": "Login using fixtures Loop the table using each",
              "timedOut": null,
              "duration": 9880,
              "state": "passed",
              "speed": "slow",
              "pass": true,
              "fail": false,
              "pending": false,
              "context": null,
              "code": "cy.login('mercury', 'mercury');\ncy.wait(5000);\ncy.get('table>tbody>tr>td>a').each(($el, index, $list) => {\n  cy.log('Each individual element' + $el.text());\n  cy.log('List of elements' + $list.text());\n  if ($el.text().includes('Flights')) {\n    cy.wait(2000);\n    cy.xpath(\"//a[normalize-space()='Flights']\").click();\n    cy.get(\"img[src='images/mast_flightfinder.gif']\").should('be.visible');\n  } else {\n    cy.log('Not clicked on:' + $el.text());\n  }\n});",
              "err": {},
              "uuid": "ae3c5a89-5097-4916-80f1-8ad126e3ea94",
              "parentUUID": "a1b08b2d-b6dd-4a25-be6a-a0516b80039d",
              "isHook": false,
              "skipped": false
            },
            {
              "title": "DropDown and Radio buttons",
              "fullTitle": "Login using fixtures DropDown and Radio buttons",
              "timedOut": null,
              "duration": 11078,
              "state": "passed",
              "speed": "slow",
              "pass": true,
              "fail": false,
              "pending": false,
              "context": null,
              "code": "cy.login('mercury', 'mercury');\ncy.wait(5000);\ncy.get('table>tbody>tr>td>a').each(($el, index, $list) => {\n  cy.log('Each individual element' + $el.text());\n  cy.log('List of elements' + $list.text());\n  if ($el.text().includes('Flights')) {\n    cy.wait(2000);\n    cy.xpath(\"//a[normalize-space()='Flights']\").click();\n    cy.get(\"img[src='images/mast_flightfinder.gif']\").should('be.visible');\n  } else {\n    cy.log('Not clicked on:' + $el.text());\n  }\n});\ncy.get(\"select[name='fromPort']\").select('San Francisco');\ncy.get(\"select[name='fromMonth']\").select('February');\ncy.get(\"input[name='findFlights']\").click();",
              "err": {},
              "uuid": "320e4ba9-8863-4d6c-a187-52c2c188cef2",
              "parentUUID": "a1b08b2d-b6dd-4a25-be6a-a0516b80039d",
              "isHook": false,
              "skipped": false
            },
            {
              "title": "Getting values from table",
              "fullTitle": "Login using fixtures Getting values from table",
              "timedOut": null,
              "duration": 5822,
              "state": "passed",
              "speed": "slow",
              "pass": true,
              "fail": false,
              "pending": false,
              "context": null,
              "code": "login.website();\ncy.wait(5000);\ncy.get('table > tbody > tr> td> font').each((el, index, list) => {\n  if (el.text().includes('Atlanta')) {\n    cy.log(cy.xpath(\"//b[normalize-space()='$398']\"));\n    cy.xpath(\"//b[normalize-space()='$398']\").should('contains.text', '$398');\n  }\n});",
              "err": {},
              "uuid": "3300b367-1fc5-4205-b4ea-e48c07e0e8b3",
              "parentUUID": "a1b08b2d-b6dd-4a25-be6a-a0516b80039d",
              "isHook": false,
              "skipped": false
            },
            {
              "title": "Write File",
              "fullTitle": "Login using fixtures Write File",
              "timedOut": null,
              "duration": 50,
              "state": "passed",
              "speed": "medium",
              "pass": true,
              "fail": false,
              "pending": false,
              "context": null,
              "code": "cy.writeFile('sample.txt', 'Writing on sample file\\n');\ncy.writeFile('sample.txt', 'Second line', {\n  flag: 'a+'\n});\ncy.readFile('sample.txt').should('contains', 'Writing on sample ');",
              "err": {},
              "uuid": "bdb34349-9ac7-469f-b25c-eb42632ee02b",
              "parentUUID": "a1b08b2d-b6dd-4a25-be6a-a0516b80039d",
              "isHook": false,
              "skipped": false
            }
          ],
          "suites": [],
          "passes": [
            "1b1b8f81-745c-42ec-851e-66f298c9949e",
            "6a25feff-3774-4c37-a5b3-4df9924e6b7d",
            "0d33ea2b-f610-4acf-8347-6d82576e9588",
            "23bc723e-d091-4061-b921-79acedf63684",
            "ae3c5a89-5097-4916-80f1-8ad126e3ea94",
            "320e4ba9-8863-4d6c-a187-52c2c188cef2",
            "3300b367-1fc5-4205-b4ea-e48c07e0e8b3",
            "bdb34349-9ac7-469f-b25c-eb42632ee02b"
          ],
          "failures": [],
          "pending": [],
          "skipped": [],
          "duration": 68386,
          "root": false,
          "rootEmpty": false,
          "_timeout": 2000
        }
      ],
      "passes": [],
      "failures": [],
      "pending": [],
      "skipped": [],
      "duration": 0,
      "root": true,
      "rootEmpty": true,
      "_timeout": 2000
    }
  ],
  "meta": {
    "mocha": {
      "version": "7.0.1"
    },
    "mochawesome": {
      "options": {
        "quiet": false,
        "reportFilename": "mochawesome",
        "saveHtml": false,
        "saveJson": true,
        "consoleReporter": "spec",
        "useInlineDiffs": false,
        "code": true
      },
      "version": "7.0.1"
    },
    "marge": {
      "options": {
        "id": "default",
        "reportDir": "cypress/reports/mocha",
        "quite": true,
        "overwrite": false,
        "html": false,
        "json": true
      },
      "version": "6.0.1"
    }
  }
}