{
  "stats": {
    "suites": 1,
    "tests": 9,
    "passes": 8,
    "pending": 0,
    "failures": 1,
    "start": "2021-11-30T17:54:27.858Z",
    "end": "2021-11-30T17:56:45.266Z",
    "duration": 137408,
    "testsRegistered": 9,
    "passPercent": 88.88888888888889,
    "pendingPercent": 0,
    "other": 0,
    "hasOther": false,
    "skipped": 0,
    "hasSkipped": false
  },
  "results": [
    {
      "uuid": "827433eb-5f2a-430a-b8ed-bf1d945d3206",
      "title": "",
      "fullFile": "cypress/integration/newTests.js",
      "file": "cypress/integration/newTests.js",
      "beforeHooks": [],
      "afterHooks": [],
      "tests": [],
      "suites": [
        {
          "uuid": "7febd9c5-1b7b-4892-b69a-d7964bd1b805",
          "title": "Login using fixtures",
          "fullFile": "",
          "file": "",
          "beforeHooks": [],
          "afterHooks": [],
          "tests": [
            {
              "title": "Login using Page object model",
              "fullTitle": "Login using fixtures Login using Page object model",
              "timedOut": null,
              "duration": 25223,
              "state": "passed",
              "speed": "slow",
              "pass": true,
              "fail": false,
              "pending": false,
              "context": null,
              "code": "login.website();\ncy.wait(5000);\nlogin.userName().type('mercury');\nlogin.password().type('mercury');\nlogin.signIn().click();\ncy.get('h3').should('contains.text', 'Login Successfully');",
              "err": {},
              "uuid": "70682f75-49dc-439e-ae6a-23bfef2ff085",
              "parentUUID": "7febd9c5-1b7b-4892-b69a-d7964bd1b805",
              "isHook": false,
              "skipped": false
            },
            {
              "title": "Login using custom commands",
              "fullTitle": "Login using fixtures Login using custom commands",
              "timedOut": null,
              "duration": 7318,
              "state": "passed",
              "speed": "slow",
              "pass": true,
              "fail": false,
              "pending": false,
              "context": null,
              "code": "cy.login('mercury', 'mercury');\ncy.wait(5000);",
              "err": {},
              "uuid": "c0e36c8f-5e1d-42b9-b596-86dee3b11484",
              "parentUUID": "7febd9c5-1b7b-4892-b69a-d7964bd1b805",
              "isHook": false,
              "skipped": false
            },
            {
              "title": "Login using fixtures",
              "fullTitle": "Login using fixtures Login using fixtures",
              "timedOut": null,
              "duration": 5790,
              "state": "passed",
              "speed": "slow",
              "pass": true,
              "fail": false,
              "pending": false,
              "context": null,
              "code": "login.website();\ncy.fixture('userDetails').then(user => {\n  cy.wait(3000);\n  login.userName().type(user.userName);\n  login.password().type(user.password);\n  login.signIn().click();\n});",
              "err": {},
              "uuid": "2faa28a1-a415-4722-b92c-00aa6ce8ef36",
              "parentUUID": "7febd9c5-1b7b-4892-b69a-d7964bd1b805",
              "isHook": false,
              "skipped": false
            },
            {
              "title": "Login using pom and fixtures",
              "fullTitle": "Login using fixtures Login using pom and fixtures",
              "timedOut": null,
              "duration": 2164,
              "state": "passed",
              "speed": "slow",
              "pass": true,
              "fail": false,
              "pending": false,
              "context": null,
              "code": "login.website();\nlogin.userName().type(this.user.userName);\nlogin.password().type(this.user.password);\nlogin.signIn().click();",
              "err": {},
              "uuid": "76697482-3385-4005-8a1e-1af391b634ae",
              "parentUUID": "7febd9c5-1b7b-4892-b69a-d7964bd1b805",
              "isHook": false,
              "skipped": false
            },
            {
              "title": "Loop the table using each",
              "fullTitle": "Login using fixtures Loop the table using each",
              "timedOut": null,
              "duration": 10037,
              "state": "passed",
              "speed": "slow",
              "pass": true,
              "fail": false,
              "pending": false,
              "context": null,
              "code": "cy.login('mercury', 'mercury');\ncy.wait(5000);\ncy.get('table>tbody>tr>td>a').each(($el, index, $list) => {\n  cy.log('Each individual element' + $el.text());\n  cy.log('List of elements' + $list.text());\n  if ($el.text().includes('Flights')) {\n    cy.wait(2000);\n    cy.xpath(\"//a[normalize-space()='Flights']\").click();\n    cy.get(\"img[src='images/mast_flightfinder.gif']\").should('be.visible');\n  } else {\n    cy.log('Not clicked on:' + $el.text());\n  }\n});",
              "err": {},
              "uuid": "467a176e-eca3-4592-ab43-cda3fd37f6cd",
              "parentUUID": "7febd9c5-1b7b-4892-b69a-d7964bd1b805",
              "isHook": false,
              "skipped": false
            },
            {
              "title": "DropDown and Radio buttons",
              "fullTitle": "Login using fixtures DropDown and Radio buttons",
              "timedOut": null,
              "duration": 11030,
              "state": "passed",
              "speed": "slow",
              "pass": true,
              "fail": false,
              "pending": false,
              "context": null,
              "code": "cy.login('mercury', 'mercury');\ncy.wait(5000);\ncy.get('table>tbody>tr>td>a').each(($el, index, $list) => {\n  cy.log('Each individual element' + $el.text());\n  cy.log('List of elements' + $list.text());\n  if ($el.text().includes('Flights')) {\n    cy.wait(2000);\n    cy.xpath(\"//a[normalize-space()='Flights']\").click();\n    cy.get(\"img[src='images/mast_flightfinder.gif']\").should('be.visible');\n  } else {\n    cy.log('Not clicked on:' + $el.text());\n  }\n});\ncy.get(\"select[name='fromPort']\").select('San Francisco');\ncy.get(\"select[name='fromMonth']\").select('February');\ncy.get(\"input[name='findFlights']\").click();",
              "err": {},
              "uuid": "18d29639-f308-490e-a913-d35bc9dfc0a2",
              "parentUUID": "7febd9c5-1b7b-4892-b69a-d7964bd1b805",
              "isHook": false,
              "skipped": false
            },
            {
              "title": "Loop through table 2",
              "fullTitle": "Login using fixtures Loop through table 2",
              "timedOut": null,
              "duration": 60874,
              "state": "failed",
              "speed": null,
              "pass": false,
              "fail": true,
              "pending": false,
              "context": null,
              "code": "cy.visit('https://testautomationpractice.blogspot.com/');\ncy.wait(5000);\ncy.get('table > tbody > tr> td:nth-child(2)').each((el, index) => {\n  const text = el.text();\n  if (text.includes('Amod')) {\n    cy.get('table > tbody > tr> td:nth-child(3)').eq(index);\n    cy.get('table > tbody > tr> td:nth-child(1)').eq(index);\n  }\n});",
              "err": {
                "message": "CypressError: Timed out after waiting `60000ms` for your remote page to load.\n\nYour page did not fire its `load` event within `60000ms`.\n\nYou can try increasing the `pageLoadTimeout` value in `cypress.json` to wait longer.\n\nBrowsers will not fire the `load` event until all stylesheets and scripts are done downloading.\n\nWhen this `load` event occurs, Cypress will continue running commands.",
                "estack": "CypressError: Timed out after waiting `60000ms` for your remote page to load.\n\nYour page did not fire its `load` event within `60000ms`.\n\nYou can try increasing the `pageLoadTimeout` value in `cypress.json` to wait longer.\n\nBrowsers will not fire the `load` event until all stylesheets and scripts are done downloading.\n\nWhen this `load` event occurs, Cypress will continue running commands.\n    at timedOutWaitingForPageLoad (https://testautomationpractice.blogspot.com/__cypress/runner/cypress_runner.js:137949:13)\n    at https://testautomationpractice.blogspot.com/__cypress/runner/cypress_runner.js:138969:16\n    at tryCatcher (https://testautomationpractice.blogspot.com/__cypress/runner/cypress_runner.js:10798:23)\n    at https://testautomationpractice.blogspot.com/__cypress/runner/cypress_runner.js:5920:41\n    at tryCatcher (https://testautomationpractice.blogspot.com/__cypress/runner/cypress_runner.js:10798:23)\n    at Promise._settlePromiseFromHandler (https://testautomationpractice.blogspot.com/__cypress/runner/cypress_runner.js:8733:31)\n    at Promise._settlePromise (https://testautomationpractice.blogspot.com/__cypress/runner/cypress_runner.js:8790:18)\n    at Promise._settlePromise0 (https://testautomationpractice.blogspot.com/__cypress/runner/cypress_runner.js:8835:10)\n    at Promise._settlePromises (https://testautomationpractice.blogspot.com/__cypress/runner/cypress_runner.js:8911:18)\n    at _drainQueueStep (https://testautomationpractice.blogspot.com/__cypress/runner/cypress_runner.js:5505:12)\n    at _drainQueue (https://testautomationpractice.blogspot.com/__cypress/runner/cypress_runner.js:5498:9)\n    at Async.../../node_modules/bluebird/js/release/async.js.Async._drainQueues (https://testautomationpractice.blogspot.com/__cypress/runner/cypress_runner.js:5514:5)\n    at Async.drainQueues (https://testautomationpractice.blogspot.com/__cypress/runner/cypress_runner.js:5384:14)\nFrom Your Spec Code:\n    at Context.eval (https://testautomationpractice.blogspot.com/__cypress/tests?p=cypress/integration/newTests.js:21393:8)",
                "diff": null
              },
              "uuid": "4c8441ca-7906-49e1-856c-f5fbacf70f8d",
              "parentUUID": "7febd9c5-1b7b-4892-b69a-d7964bd1b805",
              "isHook": false,
              "skipped": false
            },
            {
              "title": "Getting values from table",
              "fullTitle": "Login using fixtures Getting values from table",
              "timedOut": null,
              "duration": 5986,
              "state": "passed",
              "speed": "slow",
              "pass": true,
              "fail": false,
              "pending": false,
              "context": null,
              "code": "login.website();\ncy.wait(5000);\ncy.get('table > tbody > tr> td> font').each((el, index, list) => {\n  if (el.text().includes('Atlanta')) {\n    cy.log(cy.xpath(\"//b[normalize-space()='$398']\"));\n    cy.xpath(\"//b[normalize-space()='$398']\").should('contains.text', '$398');\n  }\n});",
              "err": {},
              "uuid": "9dd0106b-75d8-42bb-be0d-792b92487bbd",
              "parentUUID": "7febd9c5-1b7b-4892-b69a-d7964bd1b805",
              "isHook": false,
              "skipped": false
            },
            {
              "title": "Write File",
              "fullTitle": "Login using fixtures Write File",
              "timedOut": null,
              "duration": 48,
              "state": "passed",
              "speed": "medium",
              "pass": true,
              "fail": false,
              "pending": false,
              "context": null,
              "code": "cy.writeFile('sample.txt', 'Writing on sample file\\n');\ncy.writeFile('sample.txt', 'Second line', {\n  flag: 'a+'\n});\ncy.readFile('sample.txt').should('contains', 'Writing on sample ');",
              "err": {},
              "uuid": "1291b1a4-6fbb-4809-b5f9-decf458ae76a",
              "parentUUID": "7febd9c5-1b7b-4892-b69a-d7964bd1b805",
              "isHook": false,
              "skipped": false
            }
          ],
          "suites": [],
          "passes": [
            "70682f75-49dc-439e-ae6a-23bfef2ff085",
            "c0e36c8f-5e1d-42b9-b596-86dee3b11484",
            "2faa28a1-a415-4722-b92c-00aa6ce8ef36",
            "76697482-3385-4005-8a1e-1af391b634ae",
            "467a176e-eca3-4592-ab43-cda3fd37f6cd",
            "18d29639-f308-490e-a913-d35bc9dfc0a2",
            "9dd0106b-75d8-42bb-be0d-792b92487bbd",
            "1291b1a4-6fbb-4809-b5f9-decf458ae76a"
          ],
          "failures": [
            "4c8441ca-7906-49e1-856c-f5fbacf70f8d"
          ],
          "pending": [],
          "skipped": [],
          "duration": 128470,
          "root": false,
          "rootEmpty": false,
          "_timeout": 2000
        }
      ],
      "passes": [],
      "failures": [],
      "pending": [],
      "skipped": [],
      "duration": 0,
      "root": true,
      "rootEmpty": true,
      "_timeout": 2000
    }
  ],
  "meta": {
    "mocha": {
      "version": "7.0.1"
    },
    "mochawesome": {
      "options": {
        "quiet": false,
        "reportFilename": "mochawesome",
        "saveHtml": false,
        "saveJson": true,
        "consoleReporter": "spec",
        "useInlineDiffs": false,
        "code": true
      },
      "version": "7.0.1"
    },
    "marge": {
      "options": {
        "id": "default",
        "reportDir": "cypress/reports/mocha",
        "quite": true,
        "overwrite": false,
        "html": false,
        "json": true
      },
      "version": "6.0.1"
    }
  }
}