{
  "stats": {
    "suites": 23,
    "tests": 132,
    "passes": 130,
    "pending": 0,
    "failures": 2,
    "start": "2021-11-30T11:03:30.443Z",
    "end": "2021-11-30T11:09:46.643Z",
    "duration": 235185,
    "testsRegistered": 132,
    "passPercent": 98.48484848484848,
    "pendingPercent": 0,
    "other": 0,
    "hasOther": false,
    "skipped": 0,
    "hasSkipped": false
  },
  "results": [
    {
      "uuid": "f825d878-4697-4781-8fe3-0c634fefda37",
      "title": "",
      "fullFile": "cypress/integration/1-getting-started/todo.spec.js",
      "file": "cypress/integration/1-getting-started/todo.spec.js",
      "beforeHooks": [],
      "afterHooks": [],
      "tests": [],
      "suites": [
        {
          "uuid": "a74bf191-98dd-4fe3-93dc-12ae4643c69c",
          "title": "example to-do app",
          "fullFile": "",
          "file": "",
          "beforeHooks": [],
          "afterHooks": [],
          "tests": [
            {
              "title": "displays two todo items by default",
              "fullTitle": "example to-do app displays two todo items by default",
              "timedOut": null,
              "duration": 897,
              "state": "passed",
              "speed": "slow",
              "pass": true,
              "fail": false,
              "pending": false,
              "context": null,
              "code": "// We use the `cy.get()` command to get all elements that match the selector.\n// Then, we use `should` to assert that there are two matched items,\n// which are the two default items.\ncy.get('.todo-list li').should('have.length', 2); // We can go even further and check that the default todos each contain\n// the correct text. We use the `first` and `last` functions\n// to get just the first and last matched elements individually,\n// and then perform an assertion with `should`.\ncy.get('.todo-list li').first().should('have.text', 'Pay electric bill');\ncy.get('.todo-list li').last().should('have.text', 'Walk the dog');",
              "err": {},
              "uuid": "fcb31183-c9c2-48fb-a925-4fa2cd416241",
              "parentUUID": "a74bf191-98dd-4fe3-93dc-12ae4643c69c",
              "isHook": false,
              "skipped": false
            },
            {
              "title": "can add new todo items",
              "fullTitle": "example to-do app can add new todo items",
              "timedOut": null,
              "duration": 507,
              "state": "passed",
              "speed": "slow",
              "pass": true,
              "fail": false,
              "pending": false,
              "context": null,
              "code": "// We'll store our item text in a variable so we can reuse it\nconst newItem = 'Feed the cat'; // Let's get the input element and use the `type` command to\n// input our new list item. After typing the content of our item,\n// we need to type the enter key as well in order to submit the input.\n// This input has a data-test attribute so we'll use that to select the\n// element in accordance with best practices:\n// https://on.cypress.io/selecting-elements\ncy.get('[data-test=new-todo]').type(`${newItem}{enter}`); // Now that we've typed our new item, let's check that it actually was added to the list.\n// Since it's the newest item, it should exist as the last element in the list.\n// In addition, with the two default items, we should have a total of 3 elements in the list.\n// Since assertions yield the element that was asserted on,\n// we can chain both of these assertions together into a single statement.\ncy.get('.todo-list li').should('have.length', 3).last().should('have.text', newItem);",
              "err": {},
              "uuid": "1a74a96e-a2f2-482f-a5ef-3bf8c571ef1a",
              "parentUUID": "a74bf191-98dd-4fe3-93dc-12ae4643c69c",
              "isHook": false,
              "skipped": false
            },
            {
              "title": "can check off an item as completed",
              "fullTitle": "example to-do app can check off an item as completed",
              "timedOut": null,
              "duration": 304,
              "state": "passed",
              "speed": "slow",
              "pass": true,
              "fail": false,
              "pending": false,
              "context": null,
              "code": "// In addition to using the `get` command to get an element by selector,\n// we can also use the `contains` command to get an element by its contents.\n// However, this will yield the <label>, which is lowest-level element that contains the text.\n// In order to check the item, we'll find the <input> element for this <label>\n// by traversing up the dom to the parent element. From there, we can `find`\n// the child checkbox <input> element and use the `check` command to check it.\ncy.contains('Pay electric bill').parent().find('input[type=checkbox]').check(); // Now that we've checked the button, we can go ahead and make sure\n// that the list element is now marked as completed.\n// Again we'll use `contains` to find the <label> element and then use the `parents` command\n// to traverse multiple levels up the dom until we find the corresponding <li> element.\n// Once we get that element, we can assert that it has the completed class.\ncy.contains('Pay electric bill').parents('li').should('have.class', 'completed');",
              "err": {},
              "uuid": "3c06726b-8009-4286-a14b-f1f0074ea609",
              "parentUUID": "a74bf191-98dd-4fe3-93dc-12ae4643c69c",
              "isHook": false,
              "skipped": false
            }
          ],
          "suites": [
            {
              "uuid": "4c998ec2-bd77-40af-b674-88fc9f91f435",
              "title": "with a checked task",
              "fullFile": "",
              "file": "",
              "beforeHooks": [],
              "afterHooks": [],
              "tests": [
                {
                  "title": "can filter for uncompleted tasks",
                  "fullTitle": "example to-do app with a checked task can filter for uncompleted tasks",
                  "timedOut": null,
                  "duration": 444,
                  "state": "passed",
                  "speed": "slow",
                  "pass": true,
                  "fail": false,
                  "pending": false,
                  "context": null,
                  "code": "// We'll click on the \"active\" button in order to\n// display only incomplete items\ncy.contains('Active').click(); // After filtering, we can assert that there is only the one\n// incomplete item in the list.\ncy.get('.todo-list li').should('have.length', 1).first().should('have.text', 'Walk the dog'); // For good measure, let's also assert that the task we checked off\n// does not exist on the page.\ncy.contains('Pay electric bill').should('not.exist');",
                  "err": {},
                  "uuid": "0e47f065-39d8-4220-8279-dbac5b17d26c",
                  "parentUUID": "4c998ec2-bd77-40af-b674-88fc9f91f435",
                  "isHook": false,
                  "skipped": false
                },
                {
                  "title": "can filter for completed tasks",
                  "fullTitle": "example to-do app with a checked task can filter for completed tasks",
                  "timedOut": null,
                  "duration": 396,
                  "state": "passed",
                  "speed": "slow",
                  "pass": true,
                  "fail": false,
                  "pending": false,
                  "context": null,
                  "code": "// We can perform similar steps as the test above to ensure\n// that only completed tasks are shown\ncy.contains('Completed').click();\ncy.get('.todo-list li').should('have.length', 1).first().should('have.text', 'Pay electric bill');\ncy.contains('Walk the dog').should('not.exist');",
                  "err": {},
                  "uuid": "f14b7f41-b35d-4efe-a1f0-495b3c896c54",
                  "parentUUID": "4c998ec2-bd77-40af-b674-88fc9f91f435",
                  "isHook": false,
                  "skipped": false
                },
                {
                  "title": "can delete all completed tasks",
                  "fullTitle": "example to-do app with a checked task can delete all completed tasks",
                  "timedOut": null,
                  "duration": 330,
                  "state": "passed",
                  "speed": "slow",
                  "pass": true,
                  "fail": false,
                  "pending": false,
                  "context": null,
                  "code": "// First, let's click the \"Clear completed\" button\n// `contains` is actually serving two purposes here.\n// First, it's ensuring that the button exists within the dom.\n// This button only appears when at least one task is checked\n// so this command is implicitly verifying that it does exist.\n// Second, it selects the button so we can click it.\ncy.contains('Clear completed').click(); // Then we can make sure that there is only one element\n// in the list and our element does not exist\ncy.get('.todo-list li').should('have.length', 1).should('not.have.text', 'Pay electric bill'); // Finally, make sure that the clear button no longer exists.\ncy.contains('Clear completed').should('not.exist');",
                  "err": {},
                  "uuid": "3e1ca2ed-6a47-400a-b818-e2d127d321a4",
                  "parentUUID": "4c998ec2-bd77-40af-b674-88fc9f91f435",
                  "isHook": false,
                  "skipped": false
                }
              ],
              "suites": [],
              "passes": [
                "0e47f065-39d8-4220-8279-dbac5b17d26c",
                "f14b7f41-b35d-4efe-a1f0-495b3c896c54",
                "3e1ca2ed-6a47-400a-b818-e2d127d321a4"
              ],
              "failures": [],
              "pending": [],
              "skipped": [],
              "duration": 1170,
              "root": false,
              "rootEmpty": false,
              "_timeout": 2000
            }
          ],
          "passes": [
            "fcb31183-c9c2-48fb-a925-4fa2cd416241",
            "1a74a96e-a2f2-482f-a5ef-3bf8c571ef1a",
            "3c06726b-8009-4286-a14b-f1f0074ea609"
          ],
          "failures": [],
          "pending": [],
          "skipped": [],
          "duration": 1708,
          "root": false,
          "rootEmpty": false,
          "_timeout": 2000
        }
      ],
      "passes": [],
      "failures": [],
      "pending": [],
      "skipped": [],
      "duration": 0,
      "root": true,
      "rootEmpty": true,
      "_timeout": 2000
    },
    {
      "uuid": "63eae2fc-e40b-469e-b945-ba1b2533e0db",
      "title": "",
      "fullFile": "cypress/integration/2-advanced-examples/actions.spec.js",
      "file": "cypress/integration/2-advanced-examples/actions.spec.js",
      "beforeHooks": [],
      "afterHooks": [],
      "tests": [],
      "suites": [
        {
          "uuid": "86b141c7-69f2-4da3-b3cf-84ad185ac68c",
          "title": "Actions",
          "fullFile": "",
          "file": "",
          "beforeHooks": [],
          "afterHooks": [],
          "tests": [
            {
              "title": ".type() - type into a DOM element",
              "fullTitle": "Actions .type() - type into a DOM element",
              "timedOut": null,
              "duration": 5870,
              "state": "passed",
              "speed": "slow",
              "pass": true,
              "fail": false,
              "pending": false,
              "context": null,
              "code": "// https://on.cypress.io/type\ncy.get('.action-email').type('fake@email.com').should('have.value', 'fake@email.com') // .type() with special character sequences\n.type('{leftarrow}{rightarrow}{uparrow}{downarrow}').type('{del}{selectall}{backspace}') // .type() with key modifiers\n.type('{alt}{option}') //these are equivalent\n.type('{ctrl}{control}') //these are equivalent\n.type('{meta}{command}{cmd}') //these are equivalent\n.type('{shift}') // Delay each keypress by 0.1 sec\n.type('slow.typing@email.com', {\n  delay: 100\n}).should('have.value', 'slow.typing@email.com');\ncy.get('.action-disabled') // Ignore error checking prior to type\n// like whether the input is visible or disabled\n.type('disabled error checking', {\n  force: true\n}).should('have.value', 'disabled error checking');",
              "err": {},
              "uuid": "6e16f375-17c6-4393-8ba0-f264d2677931",
              "parentUUID": "86b141c7-69f2-4da3-b3cf-84ad185ac68c",
              "isHook": false,
              "skipped": false
            },
            {
              "title": ".focus() - focus on a DOM element",
              "fullTitle": "Actions .focus() - focus on a DOM element",
              "timedOut": null,
              "duration": 297,
              "state": "passed",
              "speed": "slow",
              "pass": true,
              "fail": false,
              "pending": false,
              "context": null,
              "code": "// https://on.cypress.io/focus\ncy.get('.action-focus').focus().should('have.class', 'focus').prev().should('have.attr', 'style', 'color: orange;');",
              "err": {},
              "uuid": "510dd0e4-8dea-4cba-b7a0-2558d7e0eca1",
              "parentUUID": "86b141c7-69f2-4da3-b3cf-84ad185ac68c",
              "isHook": false,
              "skipped": false
            },
            {
              "title": ".blur() - blur off a DOM element",
              "fullTitle": "Actions .blur() - blur off a DOM element",
              "timedOut": null,
              "duration": 521,
              "state": "passed",
              "speed": "slow",
              "pass": true,
              "fail": false,
              "pending": false,
              "context": null,
              "code": "// https://on.cypress.io/blur\ncy.get('.action-blur').type('About to blur').blur().should('have.class', 'error').prev().should('have.attr', 'style', 'color: red;');",
              "err": {},
              "uuid": "0ebeacdf-88cc-4f06-b3db-8aca5c8c68f1",
              "parentUUID": "86b141c7-69f2-4da3-b3cf-84ad185ac68c",
              "isHook": false,
              "skipped": false
            },
            {
              "title": ".clear() - clears an input or textarea element",
              "fullTitle": "Actions .clear() - clears an input or textarea element",
              "timedOut": null,
              "duration": 608,
              "state": "passed",
              "speed": "slow",
              "pass": true,
              "fail": false,
              "pending": false,
              "context": null,
              "code": "// https://on.cypress.io/clear\ncy.get('.action-clear').type('Clear this text').should('have.value', 'Clear this text').clear().should('have.value', '');",
              "err": {},
              "uuid": "21b4e62d-f79d-40f6-bf10-fa167096790f",
              "parentUUID": "86b141c7-69f2-4da3-b3cf-84ad185ac68c",
              "isHook": false,
              "skipped": false
            },
            {
              "title": ".submit() - submit a form",
              "fullTitle": "Actions .submit() - submit a form",
              "timedOut": null,
              "duration": 491,
              "state": "passed",
              "speed": "slow",
              "pass": true,
              "fail": false,
              "pending": false,
              "context": null,
              "code": "// https://on.cypress.io/submit\ncy.get('.action-form').find('[type=\"text\"]').type('HALFOFF');\ncy.get('.action-form').submit().next().should('contain', 'Your form has been submitted!');",
              "err": {},
              "uuid": "2242afb7-54c9-410d-b235-4987315ce112",
              "parentUUID": "86b141c7-69f2-4da3-b3cf-84ad185ac68c",
              "isHook": false,
              "skipped": false
            },
            {
              "title": ".click() - click on a DOM element",
              "fullTitle": "Actions .click() - click on a DOM element",
              "timedOut": null,
              "duration": 2611,
              "state": "passed",
              "speed": "slow",
              "pass": true,
              "fail": false,
              "pending": false,
              "context": null,
              "code": "// https://on.cypress.io/click\ncy.get('.action-btn').click(); // You can click on 9 specific positions of an element:\n//  -----------------------------------\n// | topLeft        top       topRight |\n// |                                   |\n// |                                   |\n// |                                   |\n// | left          center        right |\n// |                                   |\n// |                                   |\n// |                                   |\n// | bottomLeft   bottom   bottomRight |\n//  -----------------------------------\n// clicking in the center of the element is the default\ncy.get('#action-canvas').click();\ncy.get('#action-canvas').click('topLeft');\ncy.get('#action-canvas').click('top');\ncy.get('#action-canvas').click('topRight');\ncy.get('#action-canvas').click('left');\ncy.get('#action-canvas').click('right');\ncy.get('#action-canvas').click('bottomLeft');\ncy.get('#action-canvas').click('bottom');\ncy.get('#action-canvas').click('bottomRight'); // .click() accepts an x and y coordinate\n// that controls where the click occurs :)\ncy.get('#action-canvas').click(80, 75) // click 80px on x coord and 75px on y coord\n.click(170, 75).click(80, 165).click(100, 185).click(125, 190).click(150, 185).click(170, 165); // click multiple elements by passing multiple: true\ncy.get('.action-labels>.label').click({\n  multiple: true\n}); // Ignore error checking prior to clicking\ncy.get('.action-opacity>.btn').click({\n  force: true\n});",
              "err": {},
              "uuid": "f22907f3-a3f2-4be1-ae42-82055d0dcf21",
              "parentUUID": "86b141c7-69f2-4da3-b3cf-84ad185ac68c",
              "isHook": false,
              "skipped": false
            },
            {
              "title": ".dblclick() - double click on a DOM element",
              "fullTitle": "Actions .dblclick() - double click on a DOM element",
              "timedOut": null,
              "duration": 415,
              "state": "passed",
              "speed": "slow",
              "pass": true,
              "fail": false,
              "pending": false,
              "context": null,
              "code": "// https://on.cypress.io/dblclick\n// Our app has a listener on 'dblclick' event in our 'scripts.js'\n// that hides the div and shows an input on double click\ncy.get('.action-div').dblclick().should('not.be.visible');\ncy.get('.action-input-hidden').should('be.visible');",
              "err": {},
              "uuid": "ce9ccf18-8fee-4021-9d5e-6516138b9e9a",
              "parentUUID": "86b141c7-69f2-4da3-b3cf-84ad185ac68c",
              "isHook": false,
              "skipped": false
            },
            {
              "title": ".rightclick() - right click on a DOM element",
              "fullTitle": "Actions .rightclick() - right click on a DOM element",
              "timedOut": null,
              "duration": 311,
              "state": "passed",
              "speed": "slow",
              "pass": true,
              "fail": false,
              "pending": false,
              "context": null,
              "code": "// https://on.cypress.io/rightclick\n// Our app has a listener on 'contextmenu' event in our 'scripts.js'\n// that hides the div and shows an input on right click\ncy.get('.rightclick-action-div').rightclick().should('not.be.visible');\ncy.get('.rightclick-action-input-hidden').should('be.visible');",
              "err": {},
              "uuid": "56dda3c4-454b-474d-a8cd-e63559cc452d",
              "parentUUID": "86b141c7-69f2-4da3-b3cf-84ad185ac68c",
              "isHook": false,
              "skipped": false
            },
            {
              "title": ".check() - check a checkbox or radio element",
              "fullTitle": "Actions .check() - check a checkbox or radio element",
              "timedOut": null,
              "duration": 1107,
              "state": "passed",
              "speed": "slow",
              "pass": true,
              "fail": false,
              "pending": false,
              "context": null,
              "code": "// https://on.cypress.io/check\n// By default, .check() will check all\n// matching checkbox or radio elements in succession, one after another\ncy.get('.action-checkboxes [type=\"checkbox\"]').not('[disabled]').check().should('be.checked');\ncy.get('.action-radios [type=\"radio\"]').not('[disabled]').check().should('be.checked'); // .check() accepts a value argument\ncy.get('.action-radios [type=\"radio\"]').check('radio1').should('be.checked'); // .check() accepts an array of values\ncy.get('.action-multiple-checkboxes [type=\"checkbox\"]').check(['checkbox1', 'checkbox2']).should('be.checked'); // Ignore error checking prior to checking\ncy.get('.action-checkboxes [disabled]').check({\n  force: true\n}).should('be.checked');\ncy.get('.action-radios [type=\"radio\"]').check('radio3', {\n  force: true\n}).should('be.checked');",
              "err": {},
              "uuid": "633d8dac-aac6-4e51-b94f-ca1044b8264f",
              "parentUUID": "86b141c7-69f2-4da3-b3cf-84ad185ac68c",
              "isHook": false,
              "skipped": false
            },
            {
              "title": ".uncheck() - uncheck a checkbox element",
              "fullTitle": "Actions .uncheck() - uncheck a checkbox element",
              "timedOut": null,
              "duration": 1078,
              "state": "passed",
              "speed": "slow",
              "pass": true,
              "fail": false,
              "pending": false,
              "context": null,
              "code": "// https://on.cypress.io/uncheck\n// By default, .uncheck() will uncheck all matching\n// checkbox elements in succession, one after another\ncy.get('.action-check [type=\"checkbox\"]').not('[disabled]').uncheck().should('not.be.checked'); // .uncheck() accepts a value argument\ncy.get('.action-check [type=\"checkbox\"]').check('checkbox1').uncheck('checkbox1').should('not.be.checked'); // .uncheck() accepts an array of values\ncy.get('.action-check [type=\"checkbox\"]').check(['checkbox1', 'checkbox3']).uncheck(['checkbox1', 'checkbox3']).should('not.be.checked'); // Ignore error checking prior to unchecking\ncy.get('.action-check [disabled]').uncheck({\n  force: true\n}).should('not.be.checked');",
              "err": {},
              "uuid": "3149013c-1f76-4a9d-90e8-43671de4c977",
              "parentUUID": "86b141c7-69f2-4da3-b3cf-84ad185ac68c",
              "isHook": false,
              "skipped": false
            },
            {
              "title": ".select() - select an option in a <select> element",
              "fullTitle": "Actions .select() - select an option in a <select> element",
              "timedOut": null,
              "duration": 1270,
              "state": "passed",
              "speed": "slow",
              "pass": true,
              "fail": false,
              "pending": false,
              "context": null,
              "code": "// https://on.cypress.io/select\n// at first, no option should be selected\ncy.get('.action-select').should('have.value', '--Select a fruit--'); // Select option(s) with matching text content\ncy.get('.action-select').select('apples'); // confirm the apples were selected\n// note that each value starts with \"fr-\" in our HTML\ncy.get('.action-select').should('have.value', 'fr-apples');\ncy.get('.action-select-multiple').select(['apples', 'oranges', 'bananas']) // when getting multiple values, invoke \"val\" method first\n.invoke('val').should('deep.equal', ['fr-apples', 'fr-oranges', 'fr-bananas']); // Select option(s) with matching value\ncy.get('.action-select').select('fr-bananas') // can attach an assertion right away to the element\n.should('have.value', 'fr-bananas');\ncy.get('.action-select-multiple').select(['fr-apples', 'fr-oranges', 'fr-bananas']).invoke('val').should('deep.equal', ['fr-apples', 'fr-oranges', 'fr-bananas']); // assert the selected values include oranges\ncy.get('.action-select-multiple').invoke('val').should('include', 'fr-oranges');",
              "err": {},
              "uuid": "bd6eca7f-c020-4f75-9344-1da8e0dc874c",
              "parentUUID": "86b141c7-69f2-4da3-b3cf-84ad185ac68c",
              "isHook": false,
              "skipped": false
            },
            {
              "title": ".scrollIntoView() - scroll an element into view",
              "fullTitle": "Actions .scrollIntoView() - scroll an element into view",
              "timedOut": null,
              "duration": 180,
              "state": "passed",
              "speed": "slow",
              "pass": true,
              "fail": false,
              "pending": false,
              "context": null,
              "code": "// https://on.cypress.io/scrollintoview\n// normally all of these buttons are hidden,\n// because they're not within\n// the viewable area of their parent\n// (we need to scroll to see them)\ncy.get('#scroll-horizontal button').should('not.be.visible'); // scroll the button into view, as if the user had scrolled\ncy.get('#scroll-horizontal button').scrollIntoView().should('be.visible');\ncy.get('#scroll-vertical button').should('not.be.visible'); // Cypress handles the scroll direction needed\ncy.get('#scroll-vertical button').scrollIntoView().should('be.visible');\ncy.get('#scroll-both button').should('not.be.visible'); // Cypress knows to scroll to the right and down\ncy.get('#scroll-both button').scrollIntoView().should('be.visible');",
              "err": {},
              "uuid": "fc6f9c81-08f7-4dc1-9438-f65bae7939b8",
              "parentUUID": "86b141c7-69f2-4da3-b3cf-84ad185ac68c",
              "isHook": false,
              "skipped": false
            },
            {
              "title": ".trigger() - trigger an event on a DOM element",
              "fullTitle": "Actions .trigger() - trigger an event on a DOM element",
              "timedOut": null,
              "duration": 238,
              "state": "passed",
              "speed": "slow",
              "pass": true,
              "fail": false,
              "pending": false,
              "context": null,
              "code": "// https://on.cypress.io/trigger\n// To interact with a range input (slider)\n// we need to set its value & trigger the\n// event to signal it changed\n// Here, we invoke jQuery's val() method to set\n// the value and trigger the 'change' event\ncy.get('.trigger-input-range').invoke('val', 25).trigger('change').get('input[type=range]').siblings('p').should('have.text', '25');",
              "err": {},
              "uuid": "52838968-04f4-48de-b646-a8c039245991",
              "parentUUID": "86b141c7-69f2-4da3-b3cf-84ad185ac68c",
              "isHook": false,
              "skipped": false
            },
            {
              "title": "cy.scrollTo() - scroll the window or element to a position",
              "fullTitle": "Actions cy.scrollTo() - scroll the window or element to a position",
              "timedOut": null,
              "duration": 2182,
              "state": "passed",
              "speed": "slow",
              "pass": true,
              "fail": false,
              "pending": false,
              "context": null,
              "code": "// https://on.cypress.io/scrollto\n// You can scroll to 9 specific positions of an element:\n//  -----------------------------------\n// | topLeft        top       topRight |\n// |                                   |\n// |                                   |\n// |                                   |\n// | left          center        right |\n// |                                   |\n// |                                   |\n// |                                   |\n// | bottomLeft   bottom   bottomRight |\n//  -----------------------------------\n// if you chain .scrollTo() off of cy, we will\n// scroll the entire window\ncy.scrollTo('bottom');\ncy.get('#scrollable-horizontal').scrollTo('right'); // or you can scroll to a specific coordinate:\n// (x axis, y axis) in pixels\ncy.get('#scrollable-vertical').scrollTo(250, 250); // or you can scroll to a specific percentage\n// of the (width, height) of the element\ncy.get('#scrollable-both').scrollTo('75%', '25%'); // control the easing of the scroll (default is 'swing')\ncy.get('#scrollable-vertical').scrollTo('center', {\n  easing: 'linear'\n}); // control the duration of the scroll (in ms)\ncy.get('#scrollable-both').scrollTo('center', {\n  duration: 2000\n});",
              "err": {},
              "uuid": "a09b5712-291f-45c8-86b0-2ab3fe35f748",
              "parentUUID": "86b141c7-69f2-4da3-b3cf-84ad185ac68c",
              "isHook": false,
              "skipped": false
            }
          ],
          "suites": [],
          "passes": [
            "6e16f375-17c6-4393-8ba0-f264d2677931",
            "510dd0e4-8dea-4cba-b7a0-2558d7e0eca1",
            "0ebeacdf-88cc-4f06-b3db-8aca5c8c68f1",
            "21b4e62d-f79d-40f6-bf10-fa167096790f",
            "2242afb7-54c9-410d-b235-4987315ce112",
            "f22907f3-a3f2-4be1-ae42-82055d0dcf21",
            "ce9ccf18-8fee-4021-9d5e-6516138b9e9a",
            "56dda3c4-454b-474d-a8cd-e63559cc452d",
            "633d8dac-aac6-4e51-b94f-ca1044b8264f",
            "3149013c-1f76-4a9d-90e8-43671de4c977",
            "bd6eca7f-c020-4f75-9344-1da8e0dc874c",
            "fc6f9c81-08f7-4dc1-9438-f65bae7939b8",
            "52838968-04f4-48de-b646-a8c039245991",
            "a09b5712-291f-45c8-86b0-2ab3fe35f748"
          ],
          "failures": [],
          "pending": [],
          "skipped": [],
          "duration": 17179,
          "root": false,
          "rootEmpty": false,
          "_timeout": 2000
        }
      ],
      "passes": [],
      "failures": [],
      "pending": [],
      "skipped": [],
      "duration": 0,
      "root": true,
      "rootEmpty": true,
      "_timeout": 2000
    },
    {
      "uuid": "9a3d5fd9-709d-4153-b931-ef2ccc8415ef",
      "title": "",
      "fullFile": "cypress/integration/2-advanced-examples/aliasing.spec.js",
      "file": "cypress/integration/2-advanced-examples/aliasing.spec.js",
      "beforeHooks": [],
      "afterHooks": [],
      "tests": [],
      "suites": [
        {
          "uuid": "26bb968a-09ec-4e74-9a9c-60e126e4ca85",
          "title": "Aliasing",
          "fullFile": "",
          "file": "",
          "beforeHooks": [],
          "afterHooks": [],
          "tests": [
            {
              "title": ".as() - alias a DOM element for later use",
              "fullTitle": "Aliasing .as() - alias a DOM element for later use",
              "timedOut": null,
              "duration": 596,
              "state": "passed",
              "speed": "slow",
              "pass": true,
              "fail": false,
              "pending": false,
              "context": null,
              "code": "// https://on.cypress.io/as\n// Alias a DOM element for use later\n// We don't have to traverse to the element\n// later in our code, we reference it with @\ncy.get('.as-table').find('tbody>tr').first().find('td').first().find('button').as('firstBtn'); // when we reference the alias, we place an\n// @ in front of its name\ncy.get('@firstBtn').click();\ncy.get('@firstBtn').should('have.class', 'btn-success').and('contain', 'Changed');",
              "err": {},
              "uuid": "eb879590-4bd5-4199-9f94-d2589fab7629",
              "parentUUID": "26bb968a-09ec-4e74-9a9c-60e126e4ca85",
              "isHook": false,
              "skipped": false
            },
            {
              "title": ".as() - alias a route for later use",
              "fullTitle": "Aliasing .as() - alias a route for later use",
              "timedOut": null,
              "duration": 7102,
              "state": "passed",
              "speed": "slow",
              "pass": true,
              "fail": false,
              "pending": false,
              "context": null,
              "code": "// Alias the route to wait for its response\ncy.intercept('GET', '**/comments/*').as('getComment'); // we have code that gets a comment when\n// the button is clicked in scripts.js\ncy.get('.network-btn').click(); // https://on.cypress.io/wait\ncy.wait('@getComment').its('response.statusCode').should('eq', 200);",
              "err": {},
              "uuid": "87dcd3f5-dd4a-4288-b953-a4531b153161",
              "parentUUID": "26bb968a-09ec-4e74-9a9c-60e126e4ca85",
              "isHook": false,
              "skipped": false
            }
          ],
          "suites": [],
          "passes": [
            "eb879590-4bd5-4199-9f94-d2589fab7629",
            "87dcd3f5-dd4a-4288-b953-a4531b153161"
          ],
          "failures": [],
          "pending": [],
          "skipped": [],
          "duration": 7698,
          "root": false,
          "rootEmpty": false,
          "_timeout": 2000
        }
      ],
      "passes": [],
      "failures": [],
      "pending": [],
      "skipped": [],
      "duration": 0,
      "root": true,
      "rootEmpty": true,
      "_timeout": 2000
    },
    {
      "uuid": "2fc3d17c-d1cc-41e9-86d1-328b82bc92f1",
      "title": "",
      "fullFile": "cypress/integration/2-advanced-examples/assertions.spec.js",
      "file": "cypress/integration/2-advanced-examples/assertions.spec.js",
      "beforeHooks": [],
      "afterHooks": [],
      "tests": [],
      "suites": [
        {
          "uuid": "c53a6c88-ff14-48f0-ae3b-baa7c563c572",
          "title": "Assertions",
          "fullFile": "",
          "file": "",
          "beforeHooks": [],
          "afterHooks": [],
          "tests": [],
          "suites": [
            {
              "uuid": "58b10ab5-be5a-454e-a22f-67ed18c0ef4a",
              "title": "Implicit Assertions",
              "fullFile": "",
              "file": "",
              "beforeHooks": [],
              "afterHooks": [],
              "tests": [
                {
                  "title": ".should() - make an assertion about the current subject",
                  "fullTitle": "Assertions Implicit Assertions .should() - make an assertion about the current subject",
                  "timedOut": null,
                  "duration": 676,
                  "state": "passed",
                  "speed": "slow",
                  "pass": true,
                  "fail": false,
                  "pending": false,
                  "context": null,
                  "code": "// https://on.cypress.io/should\ncy.get('.assertion-table').find('tbody tr:last').should('have.class', 'success').find('td').first() // checking the text of the <td> element in various ways\n.should('have.text', 'Column content').should('contain', 'Column content').should('have.html', 'Column content') // chai-jquery uses \"is()\" to check if element matches selector\n.should('match', 'td') // to match text content against a regular expression\n// first need to invoke jQuery method text()\n// and then match using regular expression\n.invoke('text').should('match', /column content/i); // a better way to check element's text content against a regular expression\n// is to use \"cy.contains\"\n// https://on.cypress.io/contains\ncy.get('.assertion-table').find('tbody tr:last') // finds first <td> element with text content matching regular expression\n.contains('td', /column content/i).should('be.visible'); // for more information about asserting element's text\n// see https://on.cypress.io/using-cypress-faq#How-do-I-get-an-element’s-text-contents",
                  "err": {},
                  "uuid": "c1df06b2-e9c8-4094-bccb-2da2b98f5e36",
                  "parentUUID": "58b10ab5-be5a-454e-a22f-67ed18c0ef4a",
                  "isHook": false,
                  "skipped": false
                },
                {
                  "title": ".and() - chain multiple assertions together",
                  "fullTitle": "Assertions Implicit Assertions .and() - chain multiple assertions together",
                  "timedOut": null,
                  "duration": 179,
                  "state": "passed",
                  "speed": "slow",
                  "pass": true,
                  "fail": false,
                  "pending": false,
                  "context": null,
                  "code": "// https://on.cypress.io/and\ncy.get('.assertions-link').should('have.class', 'active').and('have.attr', 'href').and('include', 'cypress.io');",
                  "err": {},
                  "uuid": "390b402a-4206-4aef-8d35-5d5984ad8085",
                  "parentUUID": "58b10ab5-be5a-454e-a22f-67ed18c0ef4a",
                  "isHook": false,
                  "skipped": false
                }
              ],
              "suites": [],
              "passes": [
                "c1df06b2-e9c8-4094-bccb-2da2b98f5e36",
                "390b402a-4206-4aef-8d35-5d5984ad8085"
              ],
              "failures": [],
              "pending": [],
              "skipped": [],
              "duration": 855,
              "root": false,
              "rootEmpty": false,
              "_timeout": 2000
            },
            {
              "uuid": "6896f964-0b2d-40db-9bc5-2e4a76657d28",
              "title": "Explicit Assertions",
              "fullFile": "",
              "file": "",
              "beforeHooks": [],
              "afterHooks": [],
              "tests": [
                {
                  "title": "expect - make an assertion about a specified subject",
                  "fullTitle": "Assertions Explicit Assertions expect - make an assertion about a specified subject",
                  "timedOut": null,
                  "duration": 164,
                  "state": "passed",
                  "speed": "slow",
                  "pass": true,
                  "fail": false,
                  "pending": false,
                  "context": null,
                  "code": "// We can use Chai's BDD style assertions\nexpect(true).to.be.true;\nconst o = {\n  foo: 'bar'\n};\nexpect(o).to.equal(o);\nexpect(o).to.deep.equal({\n  foo: 'bar'\n}); // matching text using regular expression\nexpect('FooBar').to.match(/bar$/i);",
                  "err": {},
                  "uuid": "9b83d79c-4f9f-40dc-8dca-afc2185f84b4",
                  "parentUUID": "6896f964-0b2d-40db-9bc5-2e4a76657d28",
                  "isHook": false,
                  "skipped": false
                },
                {
                  "title": "pass your own callback function to should()",
                  "fullTitle": "Assertions Explicit Assertions pass your own callback function to should()",
                  "timedOut": null,
                  "duration": 153,
                  "state": "passed",
                  "speed": "slow",
                  "pass": true,
                  "fail": false,
                  "pending": false,
                  "context": null,
                  "code": "// Pass a function to should that can have any number\n// of explicit assertions within it.\n// The \".should(cb)\" function will be retried\n// automatically until it passes all your explicit assertions or times out.\ncy.get('.assertions-p').find('p').should($p => {\n  // https://on.cypress.io/$\n  // return an array of texts from all of the p's\n  // @ts-ignore TS6133 unused variable\n  const texts = $p.map((i, el) => Cypress.$(el).text()); // jquery map returns jquery object\n  // and .get() convert this to simple array\n  const paragraphs = texts.get(); // array should have length of 3\n  expect(paragraphs, 'has 3 paragraphs').to.have.length(3); // use second argument to expect(...) to provide clear\n  // message with each assertion\n  expect(paragraphs, 'has expected text in each paragraph').to.deep.eq(['Some text from first p', 'More text from second p', 'And even more text from third p']);\n});",
                  "err": {},
                  "uuid": "e77b40a0-3dd6-491d-81c3-29fa9559c187",
                  "parentUUID": "6896f964-0b2d-40db-9bc5-2e4a76657d28",
                  "isHook": false,
                  "skipped": false
                },
                {
                  "title": "finds element by class name regex",
                  "fullTitle": "Assertions Explicit Assertions finds element by class name regex",
                  "timedOut": null,
                  "duration": 161,
                  "state": "passed",
                  "speed": "slow",
                  "pass": true,
                  "fail": false,
                  "pending": false,
                  "context": null,
                  "code": "cy.get('.docs-header').find('div') // .should(cb) callback function will be retried\n.should($div => {\n  expect($div).to.have.length(1);\n  const className = $div[0].className;\n  expect(className).to.match(/heading-/);\n}) // .then(cb) callback is not retried,\n// it either passes or fails\n.then($div => {\n  expect($div, 'text content').to.have.text('Introduction');\n});",
                  "err": {},
                  "uuid": "62ded8a8-2876-4ec8-ab7a-39888724277d",
                  "parentUUID": "6896f964-0b2d-40db-9bc5-2e4a76657d28",
                  "isHook": false,
                  "skipped": false
                },
                {
                  "title": "can throw any error",
                  "fullTitle": "Assertions Explicit Assertions can throw any error",
                  "timedOut": null,
                  "duration": 153,
                  "state": "passed",
                  "speed": "slow",
                  "pass": true,
                  "fail": false,
                  "pending": false,
                  "context": null,
                  "code": "cy.get('.docs-header').find('div').should($div => {\n  if ($div.length !== 1) {\n    // you can throw your own errors\n    throw new Error('Did not find 1 element');\n  }\n  const className = $div[0].className;\n  if (!className.match(/heading-/)) {\n    throw new Error(`Could not find class \"heading-\" in ${className}`);\n  }\n});",
                  "err": {},
                  "uuid": "1cacd8a2-fc5d-4302-a0a9-e445d9004189",
                  "parentUUID": "6896f964-0b2d-40db-9bc5-2e4a76657d28",
                  "isHook": false,
                  "skipped": false
                },
                {
                  "title": "matches unknown text between two elements",
                  "fullTitle": "Assertions Explicit Assertions matches unknown text between two elements",
                  "timedOut": null,
                  "duration": 171,
                  "state": "passed",
                  "speed": "slow",
                  "pass": true,
                  "fail": false,
                  "pending": false,
                  "context": null,
                  "code": "/**\n * Text from the first element.\n * @type {string}\n*/\nlet text;\n/**\n * Normalizes passed text,\n * useful before comparing text with spaces and different capitalization.\n * @param {string} s Text to normalize\n*/\nconst normalizeText = s => s.replace(/\\s/g, '').toLowerCase();\ncy.get('.two-elements').find('.first').then($first => {\n  // save text from the first element\n  text = normalizeText($first.text());\n});\ncy.get('.two-elements').find('.second').should($div => {\n  // we can massage text before comparing\n  const secondText = normalizeText($div.text());\n  expect(secondText, 'second text').to.equal(text);\n});",
                  "err": {},
                  "uuid": "03cf46f9-9f07-4fd9-96e7-3c2bf43a51bb",
                  "parentUUID": "6896f964-0b2d-40db-9bc5-2e4a76657d28",
                  "isHook": false,
                  "skipped": false
                },
                {
                  "title": "assert - assert shape of an object",
                  "fullTitle": "Assertions Explicit Assertions assert - assert shape of an object",
                  "timedOut": null,
                  "duration": 156,
                  "state": "passed",
                  "speed": "slow",
                  "pass": true,
                  "fail": false,
                  "pending": false,
                  "context": null,
                  "code": "const person = {\n  name: 'Joe',\n  age: 20\n};\nassert.isObject(person, 'value is object');",
                  "err": {},
                  "uuid": "619bd3c5-764e-41e7-9548-578cd575752b",
                  "parentUUID": "6896f964-0b2d-40db-9bc5-2e4a76657d28",
                  "isHook": false,
                  "skipped": false
                },
                {
                  "title": "retries the should callback until assertions pass",
                  "fullTitle": "Assertions Explicit Assertions retries the should callback until assertions pass",
                  "timedOut": null,
                  "duration": 1634,
                  "state": "passed",
                  "speed": "slow",
                  "pass": true,
                  "fail": false,
                  "pending": false,
                  "context": null,
                  "code": "cy.get('#random-number').should($div => {\n  const n = parseFloat($div.text());\n  expect(n).to.be.gte(1).and.be.lte(10);\n});",
                  "err": {},
                  "uuid": "d6cf7ae3-f7d9-4a83-aa13-8c0734d97192",
                  "parentUUID": "6896f964-0b2d-40db-9bc5-2e4a76657d28",
                  "isHook": false,
                  "skipped": false
                }
              ],
              "suites": [],
              "passes": [
                "9b83d79c-4f9f-40dc-8dca-afc2185f84b4",
                "e77b40a0-3dd6-491d-81c3-29fa9559c187",
                "62ded8a8-2876-4ec8-ab7a-39888724277d",
                "1cacd8a2-fc5d-4302-a0a9-e445d9004189",
                "03cf46f9-9f07-4fd9-96e7-3c2bf43a51bb",
                "619bd3c5-764e-41e7-9548-578cd575752b",
                "d6cf7ae3-f7d9-4a83-aa13-8c0734d97192"
              ],
              "failures": [],
              "pending": [],
              "skipped": [],
              "duration": 2592,
              "root": false,
              "rootEmpty": false,
              "_timeout": 2000
            }
          ],
          "passes": [],
          "failures": [],
          "pending": [],
          "skipped": [],
          "duration": 0,
          "root": false,
          "rootEmpty": false,
          "_timeout": 2000
        }
      ],
      "passes": [],
      "failures": [],
      "pending": [],
      "skipped": [],
      "duration": 0,
      "root": true,
      "rootEmpty": true,
      "_timeout": 2000
    },
    {
      "uuid": "14b23f51-4be2-4108-899e-35396791f710",
      "title": "",
      "fullFile": "cypress/integration/2-advanced-examples/connectors.spec.js",
      "file": "cypress/integration/2-advanced-examples/connectors.spec.js",
      "beforeHooks": [],
      "afterHooks": [],
      "tests": [],
      "suites": [
        {
          "uuid": "21cd9637-5377-4b2a-9c02-fae2801927e5",
          "title": "Connectors",
          "fullFile": "",
          "file": "",
          "beforeHooks": [],
          "afterHooks": [],
          "tests": [
            {
              "title": ".each() - iterate over an array of elements",
              "fullTitle": "Connectors .each() - iterate over an array of elements",
              "timedOut": null,
              "duration": 668,
              "state": "passed",
              "speed": "slow",
              "pass": true,
              "fail": false,
              "pending": false,
              "context": null,
              "code": "// https://on.cypress.io/each\ncy.get('.connectors-each-ul>li').each(($el, index, $list) => {\n  console.log($el, index, $list);\n});",
              "err": {},
              "uuid": "e5dd5d86-0d14-4091-8112-15d2172efca2",
              "parentUUID": "21cd9637-5377-4b2a-9c02-fae2801927e5",
              "isHook": false,
              "skipped": false
            },
            {
              "title": ".its() - get properties on the current subject",
              "fullTitle": "Connectors .its() - get properties on the current subject",
              "timedOut": null,
              "duration": 171,
              "state": "passed",
              "speed": "slow",
              "pass": true,
              "fail": false,
              "pending": false,
              "context": null,
              "code": "// https://on.cypress.io/its\ncy.get('.connectors-its-ul>li') // calls the 'length' property yielding that value\n.its('length').should('be.gt', 2);",
              "err": {},
              "uuid": "a8fa0b14-c181-411d-a39e-92ebad9e24b7",
              "parentUUID": "21cd9637-5377-4b2a-9c02-fae2801927e5",
              "isHook": false,
              "skipped": false
            },
            {
              "title": ".invoke() - invoke a function on the current subject",
              "fullTitle": "Connectors .invoke() - invoke a function on the current subject",
              "timedOut": null,
              "duration": 138,
              "state": "passed",
              "speed": "slow",
              "pass": true,
              "fail": false,
              "pending": false,
              "context": null,
              "code": "// our div is hidden in our script.js\n// $('.connectors-div').hide()\n// https://on.cypress.io/invoke\ncy.get('.connectors-div').should('be.hidden') // call the jquery method 'show' on the 'div.container'\n.invoke('show').should('be.visible');",
              "err": {},
              "uuid": "c1228aed-5c4e-4eb7-8e0b-c09cf5ec1477",
              "parentUUID": "21cd9637-5377-4b2a-9c02-fae2801927e5",
              "isHook": false,
              "skipped": false
            },
            {
              "title": ".spread() - spread an array as individual args to callback function",
              "fullTitle": "Connectors .spread() - spread an array as individual args to callback function",
              "timedOut": null,
              "duration": 143,
              "state": "passed",
              "speed": "slow",
              "pass": true,
              "fail": false,
              "pending": false,
              "context": null,
              "code": "// https://on.cypress.io/spread\nconst arr = ['foo', 'bar', 'baz'];\ncy.wrap(arr).spread((foo, bar, baz) => {\n  expect(foo).to.eq('foo');\n  expect(bar).to.eq('bar');\n  expect(baz).to.eq('baz');\n});",
              "err": {},
              "uuid": "ea4c0753-a28f-4b8b-a8b4-faf8740766e0",
              "parentUUID": "21cd9637-5377-4b2a-9c02-fae2801927e5",
              "isHook": false,
              "skipped": false
            }
          ],
          "suites": [
            {
              "uuid": "84b20194-c381-4795-b315-bfc652b996e7",
              "title": ".then()",
              "fullFile": "",
              "file": "",
              "beforeHooks": [],
              "afterHooks": [],
              "tests": [
                {
                  "title": "invokes a callback function with the current subject",
                  "fullTitle": "Connectors .then() invokes a callback function with the current subject",
                  "timedOut": null,
                  "duration": 189,
                  "state": "passed",
                  "speed": "slow",
                  "pass": true,
                  "fail": false,
                  "pending": false,
                  "context": null,
                  "code": "// https://on.cypress.io/then\ncy.get('.connectors-list > li').then($lis => {\n  expect($lis, '3 items').to.have.length(3);\n  expect($lis.eq(0), 'first item').to.contain('Walk the dog');\n  expect($lis.eq(1), 'second item').to.contain('Feed the cat');\n  expect($lis.eq(2), 'third item').to.contain('Write JavaScript');\n});",
                  "err": {},
                  "uuid": "b270d9c2-582e-4d16-8f64-3548f0093d92",
                  "parentUUID": "84b20194-c381-4795-b315-bfc652b996e7",
                  "isHook": false,
                  "skipped": false
                },
                {
                  "title": "yields the returned value to the next command",
                  "fullTitle": "Connectors .then() yields the returned value to the next command",
                  "timedOut": null,
                  "duration": 151,
                  "state": "passed",
                  "speed": "slow",
                  "pass": true,
                  "fail": false,
                  "pending": false,
                  "context": null,
                  "code": "cy.wrap(1).then(num => {\n  expect(num).to.equal(1);\n  return 2;\n}).then(num => {\n  expect(num).to.equal(2);\n});",
                  "err": {},
                  "uuid": "d39e8296-584d-45d4-9a24-f6edc8a015e9",
                  "parentUUID": "84b20194-c381-4795-b315-bfc652b996e7",
                  "isHook": false,
                  "skipped": false
                },
                {
                  "title": "yields the original subject without return",
                  "fullTitle": "Connectors .then() yields the original subject without return",
                  "timedOut": null,
                  "duration": 162,
                  "state": "passed",
                  "speed": "slow",
                  "pass": true,
                  "fail": false,
                  "pending": false,
                  "context": null,
                  "code": "cy.wrap(1).then(num => {\n  expect(num).to.equal(1); // note that nothing is returned from this callback\n}).then(num => {\n  // this callback receives the original unchanged value 1\n  expect(num).to.equal(1);\n});",
                  "err": {},
                  "uuid": "0d847bed-7873-4d09-bbc9-2ceba5be39ee",
                  "parentUUID": "84b20194-c381-4795-b315-bfc652b996e7",
                  "isHook": false,
                  "skipped": false
                },
                {
                  "title": "yields the value yielded by the last Cypress command inside",
                  "fullTitle": "Connectors .then() yields the value yielded by the last Cypress command inside",
                  "timedOut": null,
                  "duration": 173,
                  "state": "passed",
                  "speed": "slow",
                  "pass": true,
                  "fail": false,
                  "pending": false,
                  "context": null,
                  "code": "cy.wrap(1).then(num => {\n  expect(num).to.equal(1); // note how we run a Cypress command\n  // the result yielded by this Cypress command\n  // will be passed to the second \".then\"\n  cy.wrap(2);\n}).then(num => {\n  // this callback receives the value yielded by \"cy.wrap(2)\"\n  expect(num).to.equal(2);\n});",
                  "err": {},
                  "uuid": "452ba995-9d7c-4e71-a95a-7352d1380e16",
                  "parentUUID": "84b20194-c381-4795-b315-bfc652b996e7",
                  "isHook": false,
                  "skipped": false
                }
              ],
              "suites": [],
              "passes": [
                "b270d9c2-582e-4d16-8f64-3548f0093d92",
                "d39e8296-584d-45d4-9a24-f6edc8a015e9",
                "0d847bed-7873-4d09-bbc9-2ceba5be39ee",
                "452ba995-9d7c-4e71-a95a-7352d1380e16"
              ],
              "failures": [],
              "pending": [],
              "skipped": [],
              "duration": 675,
              "root": false,
              "rootEmpty": false,
              "_timeout": 2000
            }
          ],
          "passes": [
            "e5dd5d86-0d14-4091-8112-15d2172efca2",
            "a8fa0b14-c181-411d-a39e-92ebad9e24b7",
            "c1228aed-5c4e-4eb7-8e0b-c09cf5ec1477",
            "ea4c0753-a28f-4b8b-a8b4-faf8740766e0"
          ],
          "failures": [],
          "pending": [],
          "skipped": [],
          "duration": 1120,
          "root": false,
          "rootEmpty": false,
          "_timeout": 2000
        }
      ],
      "passes": [],
      "failures": [],
      "pending": [],
      "skipped": [],
      "duration": 0,
      "root": true,
      "rootEmpty": true,
      "_timeout": 2000
    },
    {
      "uuid": "601c2e23-7d9c-4fe8-9d55-3aeccccc59f1",
      "title": "",
      "fullFile": "cypress/integration/2-advanced-examples/cookies.spec.js",
      "file": "cypress/integration/2-advanced-examples/cookies.spec.js",
      "beforeHooks": [],
      "afterHooks": [],
      "tests": [],
      "suites": [
        {
          "uuid": "6607df53-9bfb-4bea-bd59-55c072a7daae",
          "title": "Cookies",
          "fullFile": "",
          "file": "",
          "beforeHooks": [],
          "afterHooks": [],
          "tests": [
            {
              "title": "cy.getCookie() - get a browser cookie",
              "fullTitle": "Cookies cy.getCookie() - get a browser cookie",
              "timedOut": null,
              "duration": 634,
              "state": "passed",
              "speed": "slow",
              "pass": true,
              "fail": false,
              "pending": false,
              "context": null,
              "code": "// https://on.cypress.io/getcookie\ncy.get('#getCookie .set-a-cookie').click(); // cy.getCookie() yields a cookie object\ncy.getCookie('token').should('have.property', 'value', '123ABC');",
              "err": {},
              "uuid": "a7a25301-d952-430b-8a9b-5c8ec23c6830",
              "parentUUID": "6607df53-9bfb-4bea-bd59-55c072a7daae",
              "isHook": false,
              "skipped": false
            },
            {
              "title": "cy.getCookies() - get browser cookies",
              "fullTitle": "Cookies cy.getCookies() - get browser cookies",
              "timedOut": null,
              "duration": 251,
              "state": "passed",
              "speed": "slow",
              "pass": true,
              "fail": false,
              "pending": false,
              "context": null,
              "code": "// https://on.cypress.io/getcookies\ncy.getCookies().should('be.empty');\ncy.get('#getCookies .set-a-cookie').click(); // cy.getCookies() yields an array of cookies\ncy.getCookies().should('have.length', 1).should(cookies => {\n  // each cookie has these properties\n  expect(cookies[0]).to.have.property('name', 'token');\n  expect(cookies[0]).to.have.property('value', '123ABC');\n  expect(cookies[0]).to.have.property('httpOnly', false);\n  expect(cookies[0]).to.have.property('secure', false);\n  expect(cookies[0]).to.have.property('domain');\n  expect(cookies[0]).to.have.property('path');\n});",
              "err": {},
              "uuid": "9ddaf6ce-9607-41f8-af24-93dbd6e6cd11",
              "parentUUID": "6607df53-9bfb-4bea-bd59-55c072a7daae",
              "isHook": false,
              "skipped": false
            },
            {
              "title": "cy.setCookie() - set a browser cookie",
              "fullTitle": "Cookies cy.setCookie() - set a browser cookie",
              "timedOut": null,
              "duration": 200,
              "state": "passed",
              "speed": "slow",
              "pass": true,
              "fail": false,
              "pending": false,
              "context": null,
              "code": "// https://on.cypress.io/setcookie\ncy.getCookies().should('be.empty');\ncy.setCookie('foo', 'bar'); // cy.getCookie() yields a cookie object\ncy.getCookie('foo').should('have.property', 'value', 'bar');",
              "err": {},
              "uuid": "af280b9c-a3b2-41d3-a8b5-0b4d0f5be909",
              "parentUUID": "6607df53-9bfb-4bea-bd59-55c072a7daae",
              "isHook": false,
              "skipped": false
            },
            {
              "title": "cy.clearCookie() - clear a browser cookie",
              "fullTitle": "Cookies cy.clearCookie() - clear a browser cookie",
              "timedOut": null,
              "duration": 258,
              "state": "passed",
              "speed": "slow",
              "pass": true,
              "fail": false,
              "pending": false,
              "context": null,
              "code": "// https://on.cypress.io/clearcookie\ncy.getCookie('token').should('be.null');\ncy.get('#clearCookie .set-a-cookie').click();\ncy.getCookie('token').should('have.property', 'value', '123ABC'); // cy.clearCookies() yields null\ncy.clearCookie('token').should('be.null');\ncy.getCookie('token').should('be.null');",
              "err": {},
              "uuid": "e7d2159f-2710-484e-9ac8-7cdb905b00d9",
              "parentUUID": "6607df53-9bfb-4bea-bd59-55c072a7daae",
              "isHook": false,
              "skipped": false
            },
            {
              "title": "cy.clearCookies() - clear browser cookies",
              "fullTitle": "Cookies cy.clearCookies() - clear browser cookies",
              "timedOut": null,
              "duration": 256,
              "state": "passed",
              "speed": "slow",
              "pass": true,
              "fail": false,
              "pending": false,
              "context": null,
              "code": "// https://on.cypress.io/clearcookies\ncy.getCookies().should('be.empty');\ncy.get('#clearCookies .set-a-cookie').click();\ncy.getCookies().should('have.length', 1); // cy.clearCookies() yields null\ncy.clearCookies();\ncy.getCookies().should('be.empty');",
              "err": {},
              "uuid": "74fee757-0eaa-4865-9ffc-d1f84a10e3a0",
              "parentUUID": "6607df53-9bfb-4bea-bd59-55c072a7daae",
              "isHook": false,
              "skipped": false
            }
          ],
          "suites": [],
          "passes": [
            "a7a25301-d952-430b-8a9b-5c8ec23c6830",
            "9ddaf6ce-9607-41f8-af24-93dbd6e6cd11",
            "af280b9c-a3b2-41d3-a8b5-0b4d0f5be909",
            "e7d2159f-2710-484e-9ac8-7cdb905b00d9",
            "74fee757-0eaa-4865-9ffc-d1f84a10e3a0"
          ],
          "failures": [],
          "pending": [],
          "skipped": [],
          "duration": 1599,
          "root": false,
          "rootEmpty": false,
          "_timeout": 2000
        }
      ],
      "passes": [],
      "failures": [],
      "pending": [],
      "skipped": [],
      "duration": 0,
      "root": true,
      "rootEmpty": true,
      "_timeout": 2000
    },
    {
      "uuid": "516f9a4f-23ed-45e9-8f76-6cdfc3a2f561",
      "title": "",
      "fullFile": "cypress/integration/2-advanced-examples/cypress_api.spec.js",
      "file": "cypress/integration/2-advanced-examples/cypress_api.spec.js",
      "beforeHooks": [],
      "afterHooks": [],
      "tests": [],
      "suites": [
        {
          "uuid": "a0cb8a8c-51b1-498b-bfe8-f5d93f63a37b",
          "title": "Cypress.Commands",
          "fullFile": "",
          "file": "",
          "beforeHooks": [],
          "afterHooks": [],
          "tests": [
            {
              "title": ".add() - create a custom command",
              "fullTitle": "Cypress.Commands .add() - create a custom command",
              "timedOut": null,
              "duration": 854,
              "state": "passed",
              "speed": "slow",
              "pass": true,
              "fail": false,
              "pending": false,
              "context": null,
              "code": "Cypress.Commands.add('console', {\n  prevSubject: true\n}, (subject, method) => {\n  // the previous subject is automatically received\n  // and the commands arguments are shifted\n  // allow us to change the console method used\n  method = method || 'log'; // log the subject to the console\n  // @ts-ignore TS7017\n  console[method]('The subject is', subject); // whatever we return becomes the new subject\n  // we don't want to change the subject so\n  // we return whatever was passed in\n  return subject;\n}); // @ts-ignore TS2339\ncy.get('button').console('info').then($button => {// subject is still $button\n});",
              "err": {},
              "uuid": "b782eca0-4f55-49fc-ad79-d872ae1f2fc5",
              "parentUUID": "a0cb8a8c-51b1-498b-bfe8-f5d93f63a37b",
              "isHook": false,
              "skipped": false
            }
          ],
          "suites": [],
          "passes": [
            "b782eca0-4f55-49fc-ad79-d872ae1f2fc5"
          ],
          "failures": [],
          "pending": [],
          "skipped": [],
          "duration": 854,
          "root": false,
          "rootEmpty": false,
          "_timeout": 2000
        },
        {
          "uuid": "0eaaabd1-2af1-41b3-bfc5-61692968240c",
          "title": "Cypress.Cookies",
          "fullFile": "",
          "file": "",
          "beforeHooks": [],
          "afterHooks": [],
          "tests": [
            {
              "title": ".debug() - enable or disable debugging",
              "fullTitle": "Cypress.Cookies .debug() - enable or disable debugging",
              "timedOut": null,
              "duration": 159,
              "state": "passed",
              "speed": "slow",
              "pass": true,
              "fail": false,
              "pending": false,
              "context": null,
              "code": "Cypress.Cookies.debug(true); // Cypress will now log in the console when\n// cookies are set or cleared\ncy.setCookie('fakeCookie', '123ABC');\ncy.clearCookie('fakeCookie');\ncy.setCookie('fakeCookie', '123ABC');\ncy.clearCookie('fakeCookie');\ncy.setCookie('fakeCookie', '123ABC');",
              "err": {},
              "uuid": "a7365cf7-0f6a-45fb-a6b4-b6f48be7beaf",
              "parentUUID": "0eaaabd1-2af1-41b3-bfc5-61692968240c",
              "isHook": false,
              "skipped": false
            },
            {
              "title": ".preserveOnce() - preserve cookies by key",
              "fullTitle": "Cypress.Cookies .preserveOnce() - preserve cookies by key",
              "timedOut": null,
              "duration": 164,
              "state": "passed",
              "speed": "slow",
              "pass": true,
              "fail": false,
              "pending": false,
              "context": null,
              "code": "// normally cookies are reset after each test\ncy.getCookie('fakeCookie').should('not.be.ok'); // preserving a cookie will not clear it when\n// the next test starts\ncy.setCookie('lastCookie', '789XYZ');\nCypress.Cookies.preserveOnce('lastCookie');",
              "err": {},
              "uuid": "f87a581b-1f00-41d9-a300-bffe56699a5a",
              "parentUUID": "0eaaabd1-2af1-41b3-bfc5-61692968240c",
              "isHook": false,
              "skipped": false
            },
            {
              "title": ".defaults() - set defaults for all cookies",
              "fullTitle": "Cypress.Cookies .defaults() - set defaults for all cookies",
              "timedOut": null,
              "duration": 133,
              "state": "passed",
              "speed": "slow",
              "pass": true,
              "fail": false,
              "pending": false,
              "context": null,
              "code": "// now any cookie with the name 'session_id' will\n// not be cleared before each new test runs\nCypress.Cookies.defaults({\n  preserve: 'session_id'\n});",
              "err": {},
              "uuid": "50cfd5a3-1d1a-460f-84a8-b0f6f82fbc94",
              "parentUUID": "0eaaabd1-2af1-41b3-bfc5-61692968240c",
              "isHook": false,
              "skipped": false
            }
          ],
          "suites": [],
          "passes": [
            "a7365cf7-0f6a-45fb-a6b4-b6f48be7beaf",
            "f87a581b-1f00-41d9-a300-bffe56699a5a",
            "50cfd5a3-1d1a-460f-84a8-b0f6f82fbc94"
          ],
          "failures": [],
          "pending": [],
          "skipped": [],
          "duration": 456,
          "root": false,
          "rootEmpty": false,
          "_timeout": 2000
        },
        {
          "uuid": "a8d6a5ee-c40a-4422-83a8-37a0152ee04d",
          "title": "Cypress.arch",
          "fullFile": "",
          "file": "",
          "beforeHooks": [],
          "afterHooks": [],
          "tests": [
            {
              "title": "Get CPU architecture name of underlying OS",
              "fullTitle": "Cypress.arch Get CPU architecture name of underlying OS",
              "timedOut": null,
              "duration": 140,
              "state": "passed",
              "speed": "slow",
              "pass": true,
              "fail": false,
              "pending": false,
              "context": null,
              "code": "// https://on.cypress.io/arch\nexpect(Cypress.arch).to.exist;",
              "err": {},
              "uuid": "d6ed03e3-a7ec-4760-8f35-08c5721eebfc",
              "parentUUID": "a8d6a5ee-c40a-4422-83a8-37a0152ee04d",
              "isHook": false,
              "skipped": false
            }
          ],
          "suites": [],
          "passes": [
            "d6ed03e3-a7ec-4760-8f35-08c5721eebfc"
          ],
          "failures": [],
          "pending": [],
          "skipped": [],
          "duration": 140,
          "root": false,
          "rootEmpty": false,
          "_timeout": 2000
        },
        {
          "uuid": "f44a85db-4497-4e39-a6e0-228a74135ec3",
          "title": "Cypress.config()",
          "fullFile": "",
          "file": "",
          "beforeHooks": [],
          "afterHooks": [],
          "tests": [
            {
              "title": "Get and set configuration options",
              "fullTitle": "Cypress.config() Get and set configuration options",
              "timedOut": null,
              "duration": 176,
              "state": "passed",
              "speed": "slow",
              "pass": true,
              "fail": false,
              "pending": false,
              "context": null,
              "code": "// https://on.cypress.io/config\nlet myConfig = Cypress.config();\nexpect(myConfig).to.have.property('animationDistanceThreshold', 5);\nexpect(myConfig).to.have.property('baseUrl', null);\nexpect(myConfig).to.have.property('defaultCommandTimeout', 4000);\nexpect(myConfig).to.have.property('requestTimeout', 5000);\nexpect(myConfig).to.have.property('responseTimeout', 30000);\nexpect(myConfig).to.have.property('viewportHeight', 660);\nexpect(myConfig).to.have.property('viewportWidth', 1000);\nexpect(myConfig).to.have.property('pageLoadTimeout', 60000);\nexpect(myConfig).to.have.property('waitForAnimations', true);\nexpect(Cypress.config('pageLoadTimeout')).to.eq(60000); // this will change the config for the rest of your tests!\nCypress.config('pageLoadTimeout', 20000);\nexpect(Cypress.config('pageLoadTimeout')).to.eq(20000);\nCypress.config('pageLoadTimeout', 60000);",
              "err": {},
              "uuid": "7e9232cb-124d-4210-80a9-389e1ada7ce3",
              "parentUUID": "f44a85db-4497-4e39-a6e0-228a74135ec3",
              "isHook": false,
              "skipped": false
            }
          ],
          "suites": [],
          "passes": [
            "7e9232cb-124d-4210-80a9-389e1ada7ce3"
          ],
          "failures": [],
          "pending": [],
          "skipped": [],
          "duration": 176,
          "root": false,
          "rootEmpty": false,
          "_timeout": 2000
        },
        {
          "uuid": "68325685-e952-41f4-854d-a0c1d0375154",
          "title": "Cypress.dom",
          "fullFile": "",
          "file": "",
          "beforeHooks": [],
          "afterHooks": [],
          "tests": [
            {
              "title": ".isHidden() - determine if a DOM element is hidden",
              "fullTitle": "Cypress.dom .isHidden() - determine if a DOM element is hidden",
              "timedOut": null,
              "duration": 160,
              "state": "passed",
              "speed": "slow",
              "pass": true,
              "fail": false,
              "pending": false,
              "context": null,
              "code": "let hiddenP = Cypress.$('.dom-p p.hidden').get(0);\nlet visibleP = Cypress.$('.dom-p p.visible').get(0); // our first paragraph has css class 'hidden'\nexpect(Cypress.dom.isHidden(hiddenP)).to.be.true;\nexpect(Cypress.dom.isHidden(visibleP)).to.be.false;",
              "err": {},
              "uuid": "a74f2af6-dd59-47ff-a1a2-d2e7398ee872",
              "parentUUID": "68325685-e952-41f4-854d-a0c1d0375154",
              "isHook": false,
              "skipped": false
            }
          ],
          "suites": [],
          "passes": [
            "a74f2af6-dd59-47ff-a1a2-d2e7398ee872"
          ],
          "failures": [],
          "pending": [],
          "skipped": [],
          "duration": 160,
          "root": false,
          "rootEmpty": false,
          "_timeout": 2000
        },
        {
          "uuid": "bcc4252e-bd06-4b5a-95db-f8a0faaec370",
          "title": "Cypress.env()",
          "fullFile": "",
          "file": "",
          "beforeHooks": [],
          "afterHooks": [],
          "tests": [
            {
              "title": "Get environment variables",
              "fullTitle": "Cypress.env() Get environment variables",
              "timedOut": null,
              "duration": 158,
              "state": "passed",
              "speed": "slow",
              "pass": true,
              "fail": false,
              "pending": false,
              "context": null,
              "code": "// https://on.cypress.io/env\n// set multiple environment variables\nCypress.env({\n  host: 'veronica.dev.local',\n  api_server: 'http://localhost:8888/v1/'\n}); // get environment variable\nexpect(Cypress.env('host')).to.eq('veronica.dev.local'); // set environment variable\nCypress.env('api_server', 'http://localhost:8888/v2/');\nexpect(Cypress.env('api_server')).to.eq('http://localhost:8888/v2/'); // get all environment variable\nexpect(Cypress.env()).to.have.property('host', 'veronica.dev.local');\nexpect(Cypress.env()).to.have.property('api_server', 'http://localhost:8888/v2/');",
              "err": {},
              "uuid": "dc2bb8c7-5d56-48d4-b070-d1a9a6497d44",
              "parentUUID": "bcc4252e-bd06-4b5a-95db-f8a0faaec370",
              "isHook": false,
              "skipped": false
            }
          ],
          "suites": [],
          "passes": [
            "dc2bb8c7-5d56-48d4-b070-d1a9a6497d44"
          ],
          "failures": [],
          "pending": [],
          "skipped": [],
          "duration": 158,
          "root": false,
          "rootEmpty": false,
          "_timeout": 2000
        },
        {
          "uuid": "f0686788-7de6-47cb-a596-e5c15f6df7c7",
          "title": "Cypress.log",
          "fullFile": "",
          "file": "",
          "beforeHooks": [],
          "afterHooks": [],
          "tests": [
            {
              "title": "Control what is printed to the Command Log",
              "fullTitle": "Cypress.log Control what is printed to the Command Log",
              "timedOut": null,
              "duration": 144,
              "state": "passed",
              "speed": "slow",
              "pass": true,
              "fail": false,
              "pending": false,
              "context": null,
              "code": "// https://on.cypress.io/cypress-log",
              "err": {},
              "uuid": "292969f2-683d-4eb5-8683-62a9cff27d59",
              "parentUUID": "f0686788-7de6-47cb-a596-e5c15f6df7c7",
              "isHook": false,
              "skipped": false
            }
          ],
          "suites": [],
          "passes": [
            "292969f2-683d-4eb5-8683-62a9cff27d59"
          ],
          "failures": [],
          "pending": [],
          "skipped": [],
          "duration": 144,
          "root": false,
          "rootEmpty": false,
          "_timeout": 2000
        },
        {
          "uuid": "1774b5b7-5e49-4dcb-a9cd-680cda2e28e1",
          "title": "Cypress.platform",
          "fullFile": "",
          "file": "",
          "beforeHooks": [],
          "afterHooks": [],
          "tests": [
            {
              "title": "Get underlying OS name",
              "fullTitle": "Cypress.platform Get underlying OS name",
              "timedOut": null,
              "duration": 148,
              "state": "passed",
              "speed": "slow",
              "pass": true,
              "fail": false,
              "pending": false,
              "context": null,
              "code": "// https://on.cypress.io/platform\nexpect(Cypress.platform).to.be.exist;",
              "err": {},
              "uuid": "6670f6c3-71ff-4913-b90c-89dc6b793d6d",
              "parentUUID": "1774b5b7-5e49-4dcb-a9cd-680cda2e28e1",
              "isHook": false,
              "skipped": false
            }
          ],
          "suites": [],
          "passes": [
            "6670f6c3-71ff-4913-b90c-89dc6b793d6d"
          ],
          "failures": [],
          "pending": [],
          "skipped": [],
          "duration": 148,
          "root": false,
          "rootEmpty": false,
          "_timeout": 2000
        },
        {
          "uuid": "5134cbff-77ba-49bd-9e3e-751439a09bc5",
          "title": "Cypress.version",
          "fullFile": "",
          "file": "",
          "beforeHooks": [],
          "afterHooks": [],
          "tests": [
            {
              "title": "Get current version of Cypress being run",
              "fullTitle": "Cypress.version Get current version of Cypress being run",
              "timedOut": null,
              "duration": 155,
              "state": "passed",
              "speed": "slow",
              "pass": true,
              "fail": false,
              "pending": false,
              "context": null,
              "code": "// https://on.cypress.io/version\nexpect(Cypress.version).to.be.exist;",
              "err": {},
              "uuid": "386397db-5272-4846-a2fb-224fad83ac1f",
              "parentUUID": "5134cbff-77ba-49bd-9e3e-751439a09bc5",
              "isHook": false,
              "skipped": false
            }
          ],
          "suites": [],
          "passes": [
            "386397db-5272-4846-a2fb-224fad83ac1f"
          ],
          "failures": [],
          "pending": [],
          "skipped": [],
          "duration": 155,
          "root": false,
          "rootEmpty": false,
          "_timeout": 2000
        },
        {
          "uuid": "8950d628-e2c1-4a80-ae35-7406ca5ee7db",
          "title": "Cypress.spec",
          "fullFile": "",
          "file": "",
          "beforeHooks": [],
          "afterHooks": [],
          "tests": [
            {
              "title": "Get current spec information",
              "fullTitle": "Cypress.spec Get current spec information",
              "timedOut": null,
              "duration": 163,
              "state": "passed",
              "speed": "slow",
              "pass": true,
              "fail": false,
              "pending": false,
              "context": null,
              "code": "// https://on.cypress.io/spec\n// wrap the object so we can inspect it easily by clicking in the command log\ncy.wrap(Cypress.spec).should('include.keys', ['name', 'relative', 'absolute']);",
              "err": {},
              "uuid": "95382188-b101-4170-a520-e98ab957d0fe",
              "parentUUID": "8950d628-e2c1-4a80-ae35-7406ca5ee7db",
              "isHook": false,
              "skipped": false
            }
          ],
          "suites": [],
          "passes": [
            "95382188-b101-4170-a520-e98ab957d0fe"
          ],
          "failures": [],
          "pending": [],
          "skipped": [],
          "duration": 163,
          "root": false,
          "rootEmpty": false,
          "_timeout": 2000
        }
      ],
      "passes": [],
      "failures": [],
      "pending": [],
      "skipped": [],
      "duration": 0,
      "root": true,
[...]
          "suites": [],
          "passes": [
            "c82c242d-c568-41bc-81d2-56f6f97c7fcf",
            "8fe8f63b-111d-4c27-90df-7a29c3adaa0b"
          ],
          "failures": [],
          "pending": [],
          "skipped": [],
          "duration": 5653,
          "root": false,
          "rootEmpty": false,
          "_timeout": 2000
        }
      ],
      "passes": [],
      "failures": [],
      "pending": [],
      "skipped": [],
      "duration": 0,
      "root": true,
      "rootEmpty": true,
      "_timeout": 2000
    },
    {
      "uuid": "7190b28e-a4d1-442c-8167-e9d13825ddf8",
      "title": "",
      "fullFile": "cypress/integration/2-advanced-examples/window.spec.js",
      "file": "cypress/integration/2-advanced-examples/window.spec.js",
      "beforeHooks": [],
      "afterHooks": [],
      "tests": [],
      "suites": [
        {
          "uuid": "930feaf0-e7e8-43a3-b3ca-649b6bf56642",
          "title": "Window",
          "fullFile": "",
          "file": "",
          "beforeHooks": [],
          "afterHooks": [],
          "tests": [
            {
              "title": "cy.window() - get the global window object",
              "fullTitle": "Window cy.window() - get the global window object",
              "timedOut": null,
              "duration": 620,
              "state": "passed",
              "speed": "slow",
              "pass": true,
              "fail": false,
              "pending": false,
              "context": null,
              "code": "// https://on.cypress.io/window\ncy.window().should('have.property', 'top');",
              "err": {},
              "uuid": "2d2459bc-a848-4361-9b6f-6ea499436666",
              "parentUUID": "930feaf0-e7e8-43a3-b3ca-649b6bf56642",
              "isHook": false,
              "skipped": false
            },
            {
              "title": "cy.document() - get the document object",
              "fullTitle": "Window cy.document() - get the document object",
              "timedOut": null,
              "duration": 149,
              "state": "passed",
              "speed": "slow",
              "pass": true,
              "fail": false,
              "pending": false,
              "context": null,
              "code": "// https://on.cypress.io/document\ncy.document().should('have.property', 'charset').and('eq', 'UTF-8');",
              "err": {},
              "uuid": "3de82b66-2a86-49ea-8ec5-9a125d16f308",
              "parentUUID": "930feaf0-e7e8-43a3-b3ca-649b6bf56642",
              "isHook": false,
              "skipped": false
            },
            {
              "title": "cy.title() - get the title",
              "fullTitle": "Window cy.title() - get the title",
              "timedOut": null,
              "duration": 130,
              "state": "passed",
              "speed": "slow",
              "pass": true,
              "fail": false,
              "pending": false,
              "context": null,
              "code": "// https://on.cypress.io/title\ncy.title().should('include', 'Kitchen Sink');",
              "err": {},
              "uuid": "82c1b673-f06c-4d74-a837-1dd8d93db9f7",
              "parentUUID": "930feaf0-e7e8-43a3-b3ca-649b6bf56642",
              "isHook": false,
              "skipped": false
            }
          ],
          "suites": [],
          "passes": [
            "2d2459bc-a848-4361-9b6f-6ea499436666",
            "3de82b66-2a86-49ea-8ec5-9a125d16f308",
            "82c1b673-f06c-4d74-a837-1dd8d93db9f7"
          ],
          "failures": [],
          "pending": [],
          "skipped": [],
          "duration": 899,
          "root": false,
          "rootEmpty": false,
          "_timeout": 2000
        }
      ],
      "passes": [],
      "failures": [],
      "pending": [],
      "skipped": [],
      "duration": 0,
      "root": true,
      "rootEmpty": true,
      "_timeout": 2000
    },
    {
      "uuid": "a02be5ac-51bb-48b7-acf9-a00deafb3a01",
      "title": "",
      "fullFile": "cypress/integration/demotest.js",
      "file": "cypress/integration/demotest.js",
      "beforeHooks": [],
      "afterHooks": [],
      "tests": [
        {
          "title": "navigating to webiste",
          "fullTitle": "navigating to webiste",
          "timedOut": null,
          "duration": 29303,
          "state": "failed",
          "speed": null,
          "pass": false,
          "fail": true,
          "pending": false,
          "context": null,
          "code": "cy.login('32281206', 'etsops@gmail.com', 'mone2e!!');\ncy.wait(15000);\ncy.get('.le-tabs-primary>ul>li>span.tab-text').contains('text', 'My Conversations'); // cy.visit('https://authentication.liveperson.net/');\n// cy.get('#siteNumber').should('be.enabled');\n// cy.get('#siteNumber').type('abcd');\n// cy.get('#userName').type('xyz');\n// cy.get('#userName').should('have.id','userName');",
          "err": {
            "message": "AssertionError: Timed out retrying after 4000ms: Expected to find element: `h3`, but never found it.",
            "estack": "AssertionError: Timed out retrying after 4000ms: Expected to find element: `h3`, but never found it.\n    at Context.eval (http://demo.guru99.com/__cypress/tests?p=cypress/support/index.js:131:16)",
            "diff": null
          },
          "uuid": "5a9b678e-9b3b-4c5b-a934-37866aa0c5a4",
          "parentUUID": "a02be5ac-51bb-48b7-acf9-a00deafb3a01",
          "isHook": false,
          "skipped": false
        }
      ],
      "suites": [],
      "passes": [],
      "failures": [
        "5a9b678e-9b3b-4c5b-a934-37866aa0c5a4"
      ],
      "pending": [],
      "skipped": [],
      "duration": 29303,
      "root": true,
      "rootEmpty": false,
      "_timeout": 2000
    },
    {
      "uuid": "52502091-c96b-4f48-8ac0-80ddf7f3041f",
      "title": "",
      "fullFile": "cypress/integration/newTests.js",
      "file": "cypress/integration/newTests.js",
      "beforeHooks": [],
      "afterHooks": [],
      "tests": [],
      "suites": [
        {
          "uuid": "a3f92793-3224-4d8e-931e-b9b5474ae348",
          "title": "Login using fixtures",
          "fullFile": "",
          "file": "",
          "beforeHooks": [],
          "afterHooks": [],
          "tests": [
            {
              "title": "Login using Page object model",
              "fullTitle": "Login using fixtures Login using Page object model",
              "timedOut": null,
              "duration": 8154,
              "state": "passed",
              "speed": "slow",
              "pass": true,
              "fail": false,
              "pending": false,
              "context": null,
              "code": "login.website();\ncy.wait(5000);\nlogin.userName().type('mercury');\nlogin.password().type('mercury');\nlogin.signIn().click();\ncy.get('h3').should('contains.text', 'Login Successfully');",
              "err": {},
              "uuid": "b5c2a7a7-0b89-47d8-ad8c-09f41eadbd41",
              "parentUUID": "a3f92793-3224-4d8e-931e-b9b5474ae348",
              "isHook": false,
              "skipped": false
            },
            {
              "title": "Login using custom commands",
              "fullTitle": "Login using fixtures Login using custom commands",
              "timedOut": null,
              "duration": 7075,
              "state": "passed",
              "speed": "slow",
              "pass": true,
              "fail": false,
              "pending": false,
              "context": null,
              "code": "cy.login('mercury', 'mercury');\ncy.wait(5000);",
              "err": {},
              "uuid": "32c618a9-af48-450c-8eb9-2e1eb2bcaea4",
              "parentUUID": "a3f92793-3224-4d8e-931e-b9b5474ae348",
              "isHook": false,
              "skipped": false
            },
            {
              "title": "Login using fixtures",
              "fullTitle": "Login using fixtures Login using fixtures",
              "timedOut": null,
              "duration": 5725,
              "state": "passed",
              "speed": "slow",
              "pass": true,
              "fail": false,
              "pending": false,
              "context": null,
              "code": "login.website();\ncy.fixture('userDetails').then(user => {\n  cy.wait(3000);\n  login.userName().type(user.userName);\n  login.password().type(user.password);\n  login.signIn().click();\n});",
              "err": {},
              "uuid": "88a2013c-30fa-4340-9410-9d93c117d5df",
              "parentUUID": "a3f92793-3224-4d8e-931e-b9b5474ae348",
              "isHook": false,
              "skipped": false
            },
            {
              "title": "Login using pom and fixtures",
              "fullTitle": "Login using fixtures Login using pom and fixtures",
              "timedOut": null,
              "duration": 1997,
              "state": "passed",
              "speed": "slow",
              "pass": true,
              "fail": false,
              "pending": false,
              "context": null,
              "code": "login.website();\nlogin.userName().type(this.user.userName);\nlogin.password().type(this.user.password);\nlogin.signIn().click();",
              "err": {},
              "uuid": "175e246a-baec-481c-be9b-f07fbd587ea8",
              "parentUUID": "a3f92793-3224-4d8e-931e-b9b5474ae348",
              "isHook": false,
              "skipped": false
            },
            {
              "title": "Loop the table using each",
              "fullTitle": "Login using fixtures Loop the table using each",
              "timedOut": null,
              "duration": 9808,
              "state": "passed",
              "speed": "slow",
              "pass": true,
              "fail": false,
              "pending": false,
              "context": null,
              "code": "cy.login('mercury', 'mercury');\ncy.wait(5000);\ncy.get('table>tbody>tr>td>a').each(($el, index, $list) => {\n  cy.log('Each individual element' + $el.text());\n  cy.log('List of elements' + $list.text());\n  if ($el.text().includes('Flights')) {\n    cy.wait(2000);\n    cy.xpath(\"//a[normalize-space()='Flights']\").click();\n    cy.get(\"img[src='images/mast_flightfinder.gif']\").should('be.visible');\n  } else {\n    cy.log('Not clicked on:' + $el.text());\n  }\n});",
              "err": {},
              "uuid": "7aa8a0b9-9c31-44a0-b2a2-fcee65f05fb4",
              "parentUUID": "a3f92793-3224-4d8e-931e-b9b5474ae348",
              "isHook": false,
              "skipped": false
            },
            {
              "title": "DropDown and Radio buttons",
              "fullTitle": "Login using fixtures DropDown and Radio buttons",
              "timedOut": null,
              "duration": 10949,
              "state": "passed",
              "speed": "slow",
              "pass": true,
              "fail": false,
              "pending": false,
              "context": null,
              "code": "cy.login('mercury', 'mercury');\ncy.wait(5000);\ncy.get('table>tbody>tr>td>a').each(($el, index, $list) => {\n  cy.log('Each individual element' + $el.text());\n  cy.log('List of elements' + $list.text());\n  if ($el.text().includes('Flights')) {\n    cy.wait(2000);\n    cy.xpath(\"//a[normalize-space()='Flights']\").click();\n    cy.get(\"img[src='images/mast_flightfinder.gif']\").should('be.visible');\n  } else {\n    cy.log('Not clicked on:' + $el.text());\n  }\n});\ncy.get(\"select[name='fromPort']\").select('San Francisco');\ncy.get(\"select[name='fromMonth']\").select('February');\ncy.get(\"input[name='findFlights']\").click();",
              "err": {},
              "uuid": "73d7b182-d55f-496b-b2bf-1c67c3eeb022",
              "parentUUID": "a3f92793-3224-4d8e-931e-b9b5474ae348",
              "isHook": false,
              "skipped": false
            },
            {
              "title": "Loop through table 2",
              "fullTitle": "Login using fixtures Loop through table 2",
              "timedOut": null,
              "duration": 60871,
              "state": "passed",
              "speed": "slow",
              "pass": true,
              "fail": false,
              "pending": false,
              "context": null,
              "code": "cy.visit('https://testautomationpractice.blogspot.com/');\ncy.wait(5000);\ncy.get('table > tbody > tr> td:nth-child(2)').each((el, index) => {\n  const text = el.text();\n  if (text.includes('Amod')) {\n    cy.get('table > tbody > tr> td:nth-child(3)').eq(index);\n    cy.get('table > tbody > tr> td:nth-child(1)').eq(index);\n  }\n});",
              "err": {},
              "uuid": "44161671-35fd-434d-adfb-be2d0a509d1c",
              "parentUUID": "a3f92793-3224-4d8e-931e-b9b5474ae348",
              "isHook": false,
              "skipped": false
            },
            {
              "title": "Getting values from table",
              "fullTitle": "Login using fixtures Getting values from table",
              "timedOut": null,
              "duration": 6201,
              "state": "passed",
              "speed": "slow",
              "pass": true,
              "fail": false,
              "pending": false,
              "context": null,
              "code": "login.website();\ncy.wait(5000);\ncy.get('table > tbody > tr> td> font').each((el, index, list) => {\n  if (el.text().includes('Atlanta')) {\n    cy.log(cy.xpath(\"//b[normalize-space()='$398']\"));\n    cy.xpath(\"//b[normalize-space()='$398']\").should('contains.text', '$398');\n  }\n});",
              "err": {},
              "uuid": "bf66e070-d5f6-42d2-a5fd-917ae4088d1e",
              "parentUUID": "a3f92793-3224-4d8e-931e-b9b5474ae348",
              "isHook": false,
              "skipped": false
            },
            {
              "title": "Write File",
              "fullTitle": "Login using fixtures Write File",
              "timedOut": null,
              "duration": 38,
              "state": "passed",
              "speed": "medium",
              "pass": true,
              "fail": false,
              "pending": false,
              "context": null,
              "code": "cy.writeFile('sample.txt', 'Writing on sample file\\n');\ncy.writeFile('sample.txt', 'Second line', {\n  flag: 'a+'\n});\ncy.readFile('sample.txt').should('contains', 'Writing on sample ');",
              "err": {},
              "uuid": "c660ce5f-c366-4a0d-8ed5-478cadc3e857",
              "parentUUID": "a3f92793-3224-4d8e-931e-b9b5474ae348",
              "isHook": false,
              "skipped": false
            }
          ],
          "suites": [],
          "passes": [
            "b5c2a7a7-0b89-47d8-ad8c-09f41eadbd41",
            "32c618a9-af48-450c-8eb9-2e1eb2bcaea4",
            "88a2013c-30fa-4340-9410-9d93c117d5df",
            "175e246a-baec-481c-be9b-f07fbd587ea8",
            "7aa8a0b9-9c31-44a0-b2a2-fcee65f05fb4",
            "73d7b182-d55f-496b-b2bf-1c67c3eeb022",
            "44161671-35fd-434d-adfb-be2d0a509d1c",
            "bf66e070-d5f6-42d2-a5fd-917ae4088d1e",
            "c660ce5f-c366-4a0d-8ed5-478cadc3e857"
          ],
          "failures": [],
          "pending": [],
          "skipped": [],
          "duration": 110818,
          "root": false,
          "rootEmpty": false,
          "_timeout": 2000
        }
      ],
      "passes": [],
      "failures": [],
      "pending": [],
      "skipped": [],
      "duration": 0,
      "root": true,
      "rootEmpty": true,
      "_timeout": 2000
    },
    {
      "uuid": "aa46125d-0503-4cd5-a7de-3cfdb75d781d",
      "title": "",
      "fullFile": "cypress/integration/uitests.js",
      "file": "cypress/integration/uitests.js",
      "beforeHooks": [],
      "afterHooks": [],
      "tests": [],
      "suites": [
        {
          "uuid": "ae3f838e-64ec-4518-9dbc-5dab20b7cf4b",
          "title": "Writing UI Tests",
          "fullFile": "",
          "file": "",
          "beforeHooks": [],
          "afterHooks": [],
          "tests": [
            {
              "title": "Navigating to website",
              "fullTitle": "Writing UI Tests Navigating to website",
              "timedOut": null,
              "duration": 16494,
              "state": "passed",
              "speed": "slow",
              "pass": true,
              "fail": false,
              "pending": false,
              "context": null,
              "code": "login.website();\ncy.viewport('macbook-15');\ncy.wait(15000); // cy.log(\"In Amazon\")\n// cy.get('#a-autoid-0').click()\n//Browser actions\n// cy.go('back')\n// cy.go('forward')\n// cy.reload()\n// cy.url().should('contains','amazon')",
              "err": {},
              "uuid": "0d744c66-5863-4849-a904-af56fca97e9d",
              "parentUUID": "ae3f838e-64ec-4518-9dbc-5dab20b7cf4b",
              "isHook": false,
              "skipped": false
            },
            {
              "title": "Search for something in amazon",
              "fullTitle": "Writing UI Tests Search for something in amazon",
              "timedOut": null,
              "duration": 401,
              "state": "failed",
              "speed": null,
              "pass": false,
              "fail": true,
              "pending": false,
              "context": null,
              "code": "// login.search().type('PS4 Games')\n// login.suggestions().find('#issDiv3', { timeout: 5000 }).contains('ps4 games for kids 8-12').click()\n// cy.wait(3000)\n//  MouseOver actions\ncy.get('#nav-link-accountList-nav-line-1').trigger('mouseover');\ncy.get('#nav-flyout-ya-signin .nav-action-inner').click();\ncy.amazon('pnkashyap92@gmail.com', 'Amazon@123'); //Scroll function\n// cy.scrollTo('center')\n// cy.xpath('//img[@class=\"s-image\"]').click()\n// cy.get('.s-no-outline .s-image').should('have.length.greaterThan',2)\n// cy.get('.s-no-outline .s-image').should('have.length',30)\n// cy.get('.s-no-outline .s-image').should('contain.text','Spider-Man: Game of The Year Edition - PlayStation 4')\n//cy.get('.s-no-outline .s-image').first().click()\n// cy.xpath(\"//span[@class='a-size-medium a-color-base a-text-normal']\").each((element,index,listOfelments)=>{\n//     cy.log(element.text())\n//     cy.log(listOfelments.length)\n//     if(index == 4){\n//         element.click()\n//     }\n// })\n//  expect(length).to.be.eql(31)\n// })",
              "err": {
                "message": "TypeError: cy.amazon is not a function",
                "estack": "TypeError: cy.amazon is not a function\n    at Context.eval (http://demo.guru99.com/__cypress/tests?p=cypress/integration/uitests.js:21384:8)",
                "diff": null
              },
              "uuid": "a52852f6-5acb-4749-8447-bfe6295ca236",
              "parentUUID": "ae3f838e-64ec-4518-9dbc-5dab20b7cf4b",
              "isHook": false,
              "skipped": false
            }
          ],
          "suites": [],
          "passes": [
            "0d744c66-5863-4849-a904-af56fca97e9d"
          ],
          "failures": [
            "a52852f6-5acb-4749-8447-bfe6295ca236"
          ],
          "pending": [],
          "skipped": [],
          "duration": 16895,
          "root": false,
          "rootEmpty": false,
          "_timeout": 2000
        }
      ],
      "passes": [],
      "failures": [],
      "pending": [],
      "skipped": [],
      "duration": 0,
      "root": true,
      "rootEmpty": true,
      "_timeout": 2000
    }
  ],
  "meta": {
    "mocha": {
      "version": "7.0.1"
    },
    "mochawesome": {
      "options": {
        "quiet": false,
        "reportFilename": "mochawesome",
        "saveHtml": false,
        "saveJson": true,
        "consoleReporter": "spec",
        "useInlineDiffs": false,
        "code": true
      },
      "version": "7.0.1"
    },
    "marge": {
      "options": {
        "id": "default",
        "reportDir": "cypress/reports/mocha",
        "quite": true,
        "overwrite": false,
        "html": false,
        "json": true
      },
      "version": "6.0.1"
    }
  }
}